2021-07-10 11:34:30.107 GMT [7840] РћРЁРР‘РљРђ:  РїРѕРІС‚РѕСЂСЏСЋС‰РµРµСЃСЏ Р·РЅР°С‡РµРЅРёРµ РєР»СЋС‡Р° РЅР°СЂСѓС€Р°РµС‚ РѕРіСЂР°РЅРёС‡РµРЅРёРµ СѓРЅРёРєР°Р»СЊРЅРѕСЃС‚Рё "requests_pkey"
2021-07-10 11:34:30.107 GMT [7840] РћРџР•Р РђРўРћР :  INSERT INTO requests (id, applicantname, phonenumber, email, planvisitdate, planvisittime, personcountingroup, isconsentedforprocessingofpd, eventid) VALUES ($1, $2, $3, $4, $5, $6, $7, $8, $9)
2021-07-10 11:34:58.204 GMT [20292] РћРЁРР‘РљРђ:  РїРѕРІС‚РѕСЂСЏСЋС‰РµРµСЃСЏ Р·РЅР°С‡РµРЅРёРµ РєР»СЋС‡Р° РЅР°СЂСѓС€Р°РµС‚ РѕРіСЂР°РЅРёС‡РµРЅРёРµ СѓРЅРёРєР°Р»СЊРЅРѕСЃС‚Рё "requests_pkey"
2021-07-10 11:34:58.204 GMT [20292] РћРџР•Р РђРўРћР :  INSERT INTO requests (id, applicantname, phonenumber, email, planvisitdate, planvisittime, personcountingroup, isconsentedforprocessingofpd, eventid) VALUES ($1, $2, $3, $4, $5, $6, $7, $8, $9)
2021-07-10 11:35:12.232 GMT [3252] РћРЁРР‘РљРђ:  РїРѕРІС‚РѕСЂСЏСЋС‰РµРµСЃСЏ Р·РЅР°С‡РµРЅРёРµ РєР»СЋС‡Р° РЅР°СЂСѓС€Р°РµС‚ РѕРіСЂР°РЅРёС‡РµРЅРёРµ СѓРЅРёРєР°Р»СЊРЅРѕСЃС‚Рё "requests_pkey"
2021-07-10 11:35:12.232 GMT [3252] РћРџР•Р РђРўРћР :  INSERT INTO requests (id, applicantname, phonenumber, email, planvisitdate, planvisittime, personcountingroup, isconsentedforprocessingofpd, eventid) VALUES ($1, $2, $3, $4, $5, $6, $7, $8, $9)
2021-07-10 11:35:20.895 GMT [4136] РћРЁРР‘РљРђ:  РїРѕРІС‚РѕСЂСЏСЋС‰РµРµСЃСЏ Р·РЅР°С‡РµРЅРёРµ РєР»СЋС‡Р° РЅР°СЂСѓС€Р°РµС‚ РѕРіСЂР°РЅРёС‡РµРЅРёРµ СѓРЅРёРєР°Р»СЊРЅРѕСЃС‚Рё "requests_pkey"
2021-07-10 11:35:20.895 GMT [4136] РћРџР•Р РђРўРћР :  INSERT INTO requests (id, applicantname, phonenumber, email, planvisitdate, planvisittime, personcountingroup, isconsentedforprocessingofpd, eventid) VALUES ($1, $2, $3, $4, $5, $6, $7, $8, $9)
2021-07-10 11:35:27.425 GMT [5604] РћРЁРР‘РљРђ:  РїРѕРІС‚РѕСЂСЏСЋС‰РµРµСЃСЏ Р·РЅР°С‡РµРЅРёРµ РєР»СЋС‡Р° РЅР°СЂСѓС€Р°РµС‚ РѕРіСЂР°РЅРёС‡РµРЅРёРµ СѓРЅРёРєР°Р»СЊРЅРѕСЃС‚Рё "requests_pkey"
2021-07-10 11:35:27.425 GMT [5604] РћРџР•Р РђРўРћР :  INSERT INTO requests (id, applicantname, phonenumber, email, planvisitdate, planvisittime, personcountingroup, isconsentedforprocessingofpd, eventid) VALUES ($1, $2, $3, $4, $5, $6, $7, $8, $9)
2021-07-10 11:42:29.615 GMT [1528] РћРЁРР‘РљРђ:  РїРѕРІС‚РѕСЂСЏСЋС‰РµРµСЃСЏ Р·РЅР°С‡РµРЅРёРµ РєР»СЋС‡Р° РЅР°СЂСѓС€Р°РµС‚ РѕРіСЂР°РЅРёС‡РµРЅРёРµ СѓРЅРёРєР°Р»СЊРЅРѕСЃС‚Рё "requests_pkey"
2021-07-10 11:42:29.615 GMT [1528] РћРџР•Р РђРўРћР :  INSERT INTO requests (id, applicantname, phonenumber, email, planvisitdate, planvisittime, personcountingroup, isconsentedforprocessingofpd, eventid) VALUES ($1, $2, $3, $4, $5, $6, $7, $8, $9)
2021-07-10 11:43:56.048 GMT [17616] РћРЁРР‘РљРђ:  РїРѕРІС‚РѕСЂСЏСЋС‰РµРµСЃСЏ Р·РЅР°С‡РµРЅРёРµ РєР»СЋС‡Р° РЅР°СЂСѓС€Р°РµС‚ РѕРіСЂР°РЅРёС‡РµРЅРёРµ СѓРЅРёРєР°Р»СЊРЅРѕСЃС‚Рё "requests_pkey"
2021-07-10 11:43:56.048 GMT [17616] РћРџР•Р РђРўРћР :  INSERT INTO requests (id, applicantname, phonenumber, email, planvisitdate, planvisittime, personcountingroup, isconsentedforprocessingofpd, eventid) VALUES ($1, $2, $3, $4, $5, $6, $7, $8, $9)
2021-07-10 11:44:13.548 GMT [1520] РћРЁРР‘РљРђ:  РїРѕРІС‚РѕСЂСЏСЋС‰РµРµСЃСЏ Р·РЅР°С‡РµРЅРёРµ РєР»СЋС‡Р° РЅР°СЂСѓС€Р°РµС‚ РѕРіСЂР°РЅРёС‡РµРЅРёРµ СѓРЅРёРєР°Р»СЊРЅРѕСЃС‚Рё "requests_pkey"
2021-07-10 11:44:13.548 GMT [1520] РћРџР•Р РђРўРћР :  INSERT INTO requests (id, applicantname, phonenumber, email, planvisitdate, planvisittime, personcountingroup, isconsentedforprocessingofpd, eventid) VALUES ($1, $2, $3, $4, $5, $6, $7, $8, $9)
2021-07-10 11:44:34.332 GMT [2748] РћРЁРР‘РљРђ:  РїРѕРІС‚РѕСЂСЏСЋС‰РµРµСЃСЏ Р·РЅР°С‡РµРЅРёРµ РєР»СЋС‡Р° РЅР°СЂСѓС€Р°РµС‚ РѕРіСЂР°РЅРёС‡РµРЅРёРµ СѓРЅРёРєР°Р»СЊРЅРѕСЃС‚Рё "requests_pkey"
2021-07-10 11:44:34.332 GMT [2748] РћРџР•Р РђРўРћР :  INSERT INTO requests (id, applicantname, phonenumber, email, planvisitdate, planvisittime, personcountingroup, isconsentedforprocessingofpd, eventid) VALUES ($1, $2, $3, $4, $5, $6, $7, $8, $9)
2021-07-10 11:45:55.640 GMT [1724] РћРЁРР‘РљРђ:  РїРѕРІС‚РѕСЂСЏСЋС‰РµРµСЃСЏ Р·РЅР°С‡РµРЅРёРµ РєР»СЋС‡Р° РЅР°СЂСѓС€Р°РµС‚ РѕРіСЂР°РЅРёС‡РµРЅРёРµ СѓРЅРёРєР°Р»СЊРЅРѕСЃС‚Рё "requests_pkey"
2021-07-10 11:45:55.640 GMT [1724] РћРџР•Р РђРўРћР :  INSERT INTO requests (id, applicantname, phonenumber, email, planvisitdate, planvisittime, personcountingroup, isconsentedforprocessingofpd, eventid) VALUES ($1, $2, $3, $4, $5, $6, $7, $8, $9)
2021-07-10 11:53:07.616 GMT [10612] РћРЁРР‘РљРђ:  РїРѕРІС‚РѕСЂСЏСЋС‰РµРµСЃСЏ Р·РЅР°С‡РµРЅРёРµ РєР»СЋС‡Р° РЅР°СЂСѓС€Р°РµС‚ РѕРіСЂР°РЅРёС‡РµРЅРёРµ СѓРЅРёРєР°Р»СЊРЅРѕСЃС‚Рё "requests_pkey"
2021-07-10 11:53:07.616 GMT [10612] РћРџР•Р РђРўРћР :  INSERT INTO requests (id, applicantname, phonenumber, email, planvisitdate, planvisittime, personcountingroup, isconsentedforprocessingofpd, eventid) VALUES ($1, $2, $3, $4, $5, $6, $7, $8, $9)
2021-07-10 11:55:49.623 GMT [2464] РћРЁРР‘РљРђ:  СЃС‚РѕР»Р±РµС† "Id" РІ С‚Р°Р±Р»РёС†Рµ "requests" РЅРµ СЃСѓС‰РµСЃС‚РІСѓРµС‚ (СЃРёРјРІРѕР» 23)
2021-07-10 11:55:49.623 GMT [2464] РћРџР•Р РђРўРћР :  INSERT INTO Requests ("Id", "ApplicantName", "PlanVisitDate", "PersonCountInGroup", "IsConsentedForProcessingOfPD", "EventId") values (6, 'РњРёС…Р°РёР»', '0001-01-10 12:12:12', 5, 'true', 2);
2021-07-10 11:56:08.499 GMT [18580] ВАЖНО:  пользователь "anast" не прошёл проверку подлинности (по паролю)
2021-07-10 11:56:08.499 GMT [18580] ПОДРОБНОСТИ:  Роль "anast" не существует.
	Подключение соответствует строке 82 в pg_hba.conf: "host    all             all             ::1/128                 md5"
2021-07-10 11:56:11.254 GMT [18884] ВАЖНО:  пользователь "anast" не прошёл проверку подлинности (по паролю)
2021-07-10 11:56:11.254 GMT [18884] ПОДРОБНОСТИ:  Роль "anast" не существует.
	Подключение соответствует строке 82 в pg_hba.conf: "host    all             all             ::1/128                 md5"
2021-07-10 12:02:23.848 GMT [16836] РћРЁРР‘РљРђ:  С‚РёРї "serial" РЅРµ СЃСѓС‰РµСЃС‚РІСѓРµС‚
2021-07-10 12:02:23.848 GMT [16836] РћРџР•Р РђРўРћР :  ALTER TABLE public.requests
	    ALTER COLUMN id TYPE serial;
	ALTER TABLE public.requests
	    ADD PRIMARY KEY (id);
2021-07-10 12:02:37.300 GMT [16836] РћРЁРР‘РљРђ:  С‚РёРї "serial" РЅРµ СЃСѓС‰РµСЃС‚РІСѓРµС‚
2021-07-10 12:02:37.300 GMT [16836] РћРџР•Р РђРўРћР :  ALTER TABLE public.requests
	    ALTER COLUMN id TYPE serial;
	ALTER TABLE public.requests
	    ADD PRIMARY KEY (id);
2021-07-10 12:03:33.270 GMT [16836] РћРЁРР‘РљРђ:  С‚РёРї "serial" РЅРµ СЃСѓС‰РµСЃС‚РІСѓРµС‚
2021-07-10 12:03:33.270 GMT [16836] РћРџР•Р РђРўРћР :  ALTER TABLE public.requests
	    ALTER COLUMN id TYPE serial;
	ALTER TABLE public.requests
	    ADD PRIMARY KEY (id);
2021-07-10 12:08:18.910 GMT [10704] РћРЁРР‘РљРђ:  РѕС€РёР±РєР° СЃРёРЅС‚Р°РєСЃРёСЃР° (РїСЂРёРјРµСЂРЅРѕРµ РїРѕР»РѕР¶РµРЅРёРµ: "primary") (СЃРёРјРІРѕР» 38)
2021-07-10 12:08:18.910 GMT [10704] РћРџР•Р РђРўРћР :  ALTER TABLE requests DROP CONSTRAINT primary key
	;
2021-07-10 12:08:47.537 GMT [10704] РћРЁРР‘РљРђ:  РѕС€РёР±РєР° СЃРёРЅС‚Р°РєСЃРёСЃР° (РїСЂРёРјРµСЂРЅРѕРµ РїРѕР»РѕР¶РµРЅРёРµ: ";") (СЃРёРјРІРѕР» 37)
2021-07-10 12:08:47.537 GMT [10704] РћРџР•Р РђРўРћР :  ALTER TABLE requests DROP CONSTRAINT;
2021-07-10 12:09:11.036 GMT [10704] РћРЁРР‘РљРђ:  РѕРіСЂР°РЅРёС‡РµРЅРёРµ "id" РІ С‚Р°Р±Р»РёС†Рµ "requests" РЅРµ СЃСѓС‰РµСЃС‚РІСѓРµС‚
2021-07-10 12:09:11.036 GMT [10704] РћРџР•Р РђРўРћР :  ALTER TABLE requests DROP CONSTRAINT id;
2021-07-10 12:10:01.916 GMT [10704] РћРЁРР‘РљРђ:  РѕС€РёР±РєР° СЃРёРЅС‚Р°РєСЃРёСЃР° (РїСЂРёРјРµСЂРЅРѕРµ РїРѕР»РѕР¶РµРЅРёРµ: "PRIMARY") (СЃРёРјРІРѕР» 38)
2021-07-10 12:10:01.916 GMT [10704] РћРџР•Р РђРўРћР :  ALTER TABLE requests DROP CONSTRAINT PRIMARY KEY;
2021-07-10 12:10:29.856 GMT [10704] РћРЁРР‘РљРђ:  РѕС€РёР±РєР° СЃРёРЅС‚Р°РєСЃРёСЃР° (РїСЂРёРјРµСЂРЅРѕРµ РїРѕР»РѕР¶РµРЅРёРµ: "primary") (СЃРёРјРІРѕР» 38)
2021-07-10 12:10:29.856 GMT [10704] РћРџР•Р РђРўРћР :  ALTER TABLE requests DROP CONSTRAINT primary key (id);
2021-07-10 12:10:54.497 GMT [10704] РћРЁРР‘РљРђ:  РѕРіСЂР°РЅРёС‡РµРЅРёРµ "id" РІ С‚Р°Р±Р»РёС†Рµ "requests" РЅРµ СЃСѓС‰РµСЃС‚РІСѓРµС‚
2021-07-10 12:10:54.497 GMT [10704] РћРџР•Р РђРўРћР :  ALTER TABLE requests DROP CONSTRAINT id;
2021-07-10 12:12:33.393 GMT [10704] РћРЁРР‘РљРђ:  РѕС€РёР±РєР° СЃРёРЅС‚Р°РєСЃРёСЃР° (РїСЂРёРјРµСЂРЅРѕРµ РїРѕР»РѕР¶РµРЅРёРµ: ";") (СЃРёРјРІРѕР» 37)
2021-07-10 12:12:33.393 GMT [10704] РћРџР•Р РђРўРћР :  ALTER TABLE requests DROP CONSTRAINT;
2021-07-10 12:14:06.338 GMT [10704] РћРЁРР‘РљРђ:  РѕРіСЂР°РЅРёС‡РµРЅРёРµ "primary_key" РІ С‚Р°Р±Р»РёС†Рµ "requests" РЅРµ СЃСѓС‰РµСЃС‚РІСѓРµС‚
2021-07-10 12:14:06.338 GMT [10704] РћРџР•Р РђРўРћР :  ALTER TABLE requests DROP CONSTRAINT primary_key;
2021-07-10 12:14:11.340 GMT [10704] РћРЁРР‘РљРђ:  РѕС€РёР±РєР° СЃРёРЅС‚Р°РєСЃРёСЃР° (РїСЂРёРјРµСЂРЅРѕРµ РїРѕР»РѕР¶РµРЅРёРµ: "(") (СЃРёРјРІРѕР» 49)
2021-07-10 12:14:11.340 GMT [10704] РћРџР•Р РђРўРћР :  ALTER TABLE requests DROP CONSTRAINT primary_key(id);
2021-07-10 12:14:17.566 GMT [10704] РћРЁРР‘РљРђ:  РѕС€РёР±РєР° СЃРёРЅС‚Р°РєСЃРёСЃР° (РїСЂРёРјРµСЂРЅРѕРµ РїРѕР»РѕР¶РµРЅРёРµ: "(") (СЃРёРјРІРѕР» 50)
2021-07-10 12:14:17.566 GMT [10704] РћРџР•Р РђРўРћР :  ALTER TABLE requests DROP CONSTRAINT primary_key (id);
2021-07-10 12:14:20.527 GMT [10704] РћРЁРР‘РљРђ:  РѕС€РёР±РєР° СЃРёРЅС‚Р°РєСЃРёСЃР° (РїСЂРёРјРµСЂРЅРѕРµ РїРѕР»РѕР¶РµРЅРёРµ: "primary") (СЃРёРјРІРѕР» 38)
2021-07-10 12:14:20.527 GMT [10704] РћРџР•Р РђРўРћР :  ALTER TABLE requests DROP CONSTRAINT primary key (id);
2021-07-10 12:14:28.919 GMT [10704] РћРЁРР‘РљРђ:  РѕС€РёР±РєР° СЃРёРЅС‚Р°РєСЃРёСЃР° (РїСЂРёРјРµСЂРЅРѕРµ РїРѕР»РѕР¶РµРЅРёРµ: "primary") (СЃРёРјРІРѕР» 38)
2021-07-10 12:14:28.919 GMT [10704] РћРџР•Р РђРўРћР :  ALTER TABLE requests DROP CONSTRAINT primary key;
2021-07-10 12:17:16.354 GMT [10704] РћРЁРР‘РљРђ:  РѕС‚РЅРѕС€РµРЅРёРµ "sys.objects" РЅРµ СЃСѓС‰РµСЃС‚РІСѓРµС‚ (СЃРёРјРІРѕР» 56)
2021-07-10 12:17:16.354 GMT [10704] РћРџР•Р РђРўРћР :  select OBJECT_NAME(OBJECT_ID) AS NameofConstraint
	FROM sys.objects
	where OBJECT_NAME(parent_object_id)='requests'
	and type_desk LIKE '%CONSTRAINT';
2021-07-10 12:18:34.168 GMT [10704] РћРЁРР‘РљРђ:  РѕРіСЂР°РЅРёС‡РµРЅРёРµ "pk_id" РІ С‚Р°Р±Р»РёС†Рµ "requests" РЅРµ СЃСѓС‰РµСЃС‚РІСѓРµС‚
2021-07-10 12:18:34.168 GMT [10704] РћРџР•Р РђРўРћР :  ALTER TABLE requests DROP CONSTRAINT PK_id;
2021-07-10 12:18:57.996 GMT [10704] РћРЁРР‘РљРђ:  РѕС€РёР±РєР° СЃРёРЅС‚Р°РєСЃРёСЃР° (РїСЂРёРјРµСЂРЅРѕРµ РїРѕР»РѕР¶РµРЅРёРµ: "'PK_id'") (СЃРёРјРІРѕР» 38)
2021-07-10 12:18:57.996 GMT [10704] РћРџР•Р РђРўРћР :  ALTER TABLE requests DROP CONSTRAINT 'PK_id';
2021-07-10 12:19:04.351 GMT [10704] РћРЁРР‘РљРђ:  РѕРіСЂР°РЅРёС‡РµРЅРёРµ "pk_id" РІ С‚Р°Р±Р»РёС†Рµ "requests" РЅРµ СЃСѓС‰РµСЃС‚РІСѓРµС‚
2021-07-10 12:19:04.351 GMT [10704] РћРџР•Р РђРўРћР :  ALTER TABLE requests DROP CONSTRAINT PK_id;
2021-07-10 12:24:53.770 GMT [17164] СООБЩЕНИЕ:  не удалось переименовать временный файл статистики из "pg_stat_tmp/global.tmp" в "pg_stat_tmp/global.stat": Permission denied
2021-07-10 12:42:29.871 GMT [17164] СООБЩЕНИЕ:  не удалось переименовать временный файл статистики из "pg_stat_tmp/global.tmp" в "pg_stat_tmp/global.stat": Permission denied
2021-07-10 13:02:26.537 GMT [880] ВАЖНО:  база данных "pd604" не существует
2021-07-10 13:03:13.418 GMT [13964] РћРЁРР‘РљРђ:  РЅРµС‚ РґРѕСЃС‚СѓРїР° Рє РѕС‚РЅРѕС€РµРЅРёСЋ requests
2021-07-10 13:03:13.418 GMT [13964] РћРџР•Р РђРўРћР :  SELECT t.*, CTID
	FROM public.requests t
	LIMIT 501
2021-07-10 14:06:30.882 GMT [17164] СООБЩЕНИЕ:  не удалось переименовать временный файл статистики из "pg_stat_tmp/global.tmp" в "pg_stat_tmp/global.stat": Permission denied
2021-07-10 14:47:19.705 GMT [2584] РЎРћРћР‘Р©Р•РќРР•:  РЅРµ СѓРґР°Р»РѕСЃСЊ РїРѕР»СѓС‡РёС‚СЊ РґР°РЅРЅС‹Рµ РѕС‚ РєР»РёРµРЅС‚Р°: An existing connection was forcibly closed by the remote host.
	
2021-07-10 15:03:57.379 GMT [1624] РћРЁРР‘РљРђ:  РЅСѓР»РµРІРѕРµ Р·РЅР°С‡РµРЅРёРµ РІ СЃС‚РѕР»Р±С†Рµ "id" РЅР°СЂСѓС€Р°РµС‚ РѕРіСЂР°РЅРёС‡РµРЅРёРµ NOT NULL
2021-07-10 15:03:57.379 GMT [1624] РџРћР”Р РћР‘РќРћРЎРўР:  РћС€РёР±РѕС‡РЅР°СЏ СЃС‚СЂРѕРєР° СЃРѕРґРµСЂР¶РёС‚ (applicantname, phonenumber, email, planvisitdate, planvisittime, personcountingroup, isconsentedforprocessingofpd, eventid, id) = (null, null, null, 0001-01-01 00:00:00, null, 0, f, 0, null).
2021-07-10 15:03:57.379 GMT [1624] РћРџР•Р РђРўРћР :  INSERT INTO requests (Id, ApplicantName, PhoneNumber, Email, PlanVisitDate, PlanVisitTime, PersonCountInGroup, IsConsentedForProcessingOfPD, EventId) VALUES ($1, $2, $3, $4, $5, $6, $7, $8, $9)
2021-07-10 15:17:31.996 GMT [16836] РћРЁРР‘РљРђ:  СЃС‚РѕР»Р±РµС† "id" РѕС‚РЅРѕС€РµРЅРёСЏ "requests" СѓР¶Рµ РёРјРµРµС‚ Р·РЅР°С‡РµРЅРёРµ РїРѕ СѓРјРѕР»С‡Р°РЅРёСЋ
2021-07-10 15:17:31.996 GMT [16836] РћРџР•Р РђРўРћР :  ALTER TABLE public.requests
	    ALTER COLUMN id ADD GENERATED ALWAYS AS IDENTITY;
2021-07-10 15:26:11.789 GMT [2640] РћРЁРР‘РљРђ:  РІСЃС‚Р°РІРёС‚СЊ РґР°РЅРЅС‹Рµ РІ СЃС‚РѕР»Р±РµС† "id" РЅРµР»СЊР·СЏ
2021-07-10 15:26:11.789 GMT [2640] РџРћР”Р РћР‘РќРћРЎРўР:  РЎС‚РѕР»Р±РµС† "id" СЏРІР»СЏРµС‚СЃСЏ СЃС‚РѕР»Р±С†РѕРј РёРґРµРЅС‚РёС„РёРєР°С†РёРё СЃРѕ СЃРІРѕР№СЃС‚РІРѕРј GENERATED ALWAYS.
2021-07-10 15:26:11.789 GMT [2640] РџРћР”РЎРљРђР—РљРђ:  Р”Р»СЏ РїРµСЂРµРѕРїСЂРµРґРµР»РµРЅРёСЏ СѓРєР°Р¶РёС‚Рµ OVERRIDING SYSTEM VALUE.
2021-07-10 15:26:11.789 GMT [2640] РћРџР•Р РђРўРћР :  INSERT INTO requests (Id, ApplicantName, PhoneNumber, Email, PlanVisitDate, PlanVisitTime, PersonCountInGroup, IsConsentedForProcessingOfPD, EventId) VALUES ($1, $2, $3, $4, $5, $6, $7, $8, $9)
2021-07-10 15:27:24.212 GMT [17272] РћРЁРР‘РљРђ:  РІСЃС‚Р°РІРёС‚СЊ РґР°РЅРЅС‹Рµ РІ СЃС‚РѕР»Р±РµС† "id" РЅРµР»СЊР·СЏ
2021-07-10 15:27:24.212 GMT [17272] РџРћР”Р РћР‘РќРћРЎРўР:  РЎС‚РѕР»Р±РµС† "id" СЏРІР»СЏРµС‚СЃСЏ СЃС‚РѕР»Р±С†РѕРј РёРґРµРЅС‚РёС„РёРєР°С†РёРё СЃРѕ СЃРІРѕР№СЃС‚РІРѕРј GENERATED ALWAYS.
2021-07-10 15:27:24.212 GMT [17272] РџРћР”РЎРљРђР—РљРђ:  Р”Р»СЏ РїРµСЂРµРѕРїСЂРµРґРµР»РµРЅРёСЏ СѓРєР°Р¶РёС‚Рµ OVERRIDING SYSTEM VALUE.
2021-07-10 15:27:24.212 GMT [17272] РћРџР•Р РђРўРћР :  INSERT INTO requests (Id, ApplicantName, PhoneNumber, Email, PlanVisitDate, PlanVisitTime, PersonCountInGroup, IsConsentedForProcessingOfPD, EventId) VALUES ($1, $2, $3, $4, $5, $6, $7, $8, $9)
2021-07-10 15:36:01.181 GMT [20304] РћРЁРР‘РљРђ:  РІСЃС‚Р°РІРёС‚СЊ РґР°РЅРЅС‹Рµ РІ СЃС‚РѕР»Р±РµС† "id" РЅРµР»СЊР·СЏ
2021-07-10 15:36:01.181 GMT [20304] РџРћР”Р РћР‘РќРћРЎРўР:  РЎС‚РѕР»Р±РµС† "id" СЏРІР»СЏРµС‚СЃСЏ СЃС‚РѕР»Р±С†РѕРј РёРґРµРЅС‚РёС„РёРєР°С†РёРё СЃРѕ СЃРІРѕР№СЃС‚РІРѕРј GENERATED ALWAYS.
2021-07-10 15:36:01.181 GMT [20304] РџРћР”РЎРљРђР—РљРђ:  Р”Р»СЏ РїРµСЂРµРѕРїСЂРµРґРµР»РµРЅРёСЏ СѓРєР°Р¶РёС‚Рµ OVERRIDING SYSTEM VALUE.
2021-07-10 15:36:01.181 GMT [20304] РћРџР•Р РђРўРћР :  INSERT INTO requests (Id, ApplicantName, PhoneNumber, Email, PlanVisitDate, PlanVisitTime, PersonCountInGroup, IsConsentedForProcessingOfPD, EventId) VALUES ($1, $2, $3, $4, $5, $6, $7, $8, $9)
2021-07-10 15:52:30.665 GMT [17164] СООБЩЕНИЕ:  не удалось переименовать временный файл статистики из "pg_stat_tmp/global.tmp" в "pg_stat_tmp/global.stat": Permission denied
2021-07-10 15:59:55.235 GMT [18152] РЎРћРћР‘Р©Р•РќРР•:  РЅРµ СѓРґР°Р»РѕСЃСЊ РїРѕР»СѓС‡РёС‚СЊ РґР°РЅРЅС‹Рµ РѕС‚ РєР»РёРµРЅС‚Р°: An existing connection was forcibly closed by the remote host.
	
2021-07-10 16:00:57.604 GMT [18052] РЎРћРћР‘Р©Р•РќРР•:  РЅРµ СѓРґР°Р»РѕСЃСЊ РїРѕР»СѓС‡РёС‚СЊ РґР°РЅРЅС‹Рµ РѕС‚ РєР»РёРµРЅС‚Р°: An existing connection was forcibly closed by the remote host.
	
2021-07-10 16:01:02.391 GMT [17164] СООБЩЕНИЕ:  не удалось переименовать временный файл статистики из "pg_stat_tmp/global.tmp" в "pg_stat_tmp/global.stat": Permission denied
2021-07-10 16:01:57.777 GMT [4248] РЎРћРћР‘Р©Р•РќРР•:  РЅРµ СѓРґР°Р»РѕСЃСЊ РїРѕР»СѓС‡РёС‚СЊ РґР°РЅРЅС‹Рµ РѕС‚ РєР»РёРµРЅС‚Р°: An existing connection was forcibly closed by the remote host.
	
2021-07-10 16:02:37.198 GMT [15472] РЎРћРћР‘Р©Р•РќРР•:  РЅРµ СѓРґР°Р»РѕСЃСЊ РїРѕР»СѓС‡РёС‚СЊ РґР°РЅРЅС‹Рµ РѕС‚ РєР»РёРµРЅС‚Р°: An existing connection was forcibly closed by the remote host.
	
