2021-07-09 06:37:29.906 GMT [2280] СООБЩЕНИЕ:  система БД была выключена: 2021-07-09 06:37:21 GMT
2021-07-09 06:37:29.916 GMT [4848] ВАЖНО:  система баз данных запускается
2021-07-09 06:37:29.999 GMT [7644] ВАЖНО:  система баз данных запускается
2021-07-09 06:37:30.092 GMT [5076] ВАЖНО:  система баз данных запускается
2021-07-09 06:37:30.168 GMT [10136] ВАЖНО:  система баз данных запускается
2021-07-09 06:37:30.240 GMT [19228] ВАЖНО:  система баз данных запускается
2021-07-09 06:37:30.338 GMT [15144] СООБЩЕНИЕ:  система БД готова принимать подключения
2021-07-09 06:37:30.348 GMT [14220] ВАЖНО:  система баз данных запускается
2021-07-09 06:39:51.333 GMT [17144] РћРЁРР‘РљРђ:  РѕС€РёР±РєР° СЃРёРЅС‚Р°РєСЃРёСЃР° (РїСЂРёРјРµСЂРЅРѕРµ РїРѕР»РѕР¶РµРЅРёРµ: "IN") (СЃРёРјРІРѕР» 26)
2021-07-09 06:39:51.333 GMT [17144] РћРџР•Р РђРўРћР :  GRANT INSERT ON Requests IN SCHEME public TO foretkc;
2021-07-09 06:40:03.464 GMT [17144] РћРЁРР‘РљРђ:  РѕС€РёР±РєР° СЃРёРЅС‚Р°РєСЃРёСЃР° (РїСЂРёРјРµСЂРЅРѕРµ РїРѕР»РѕР¶РµРЅРёРµ: "IN") (СЃРёРјРІРѕР» 26)
2021-07-09 06:40:03.464 GMT [17144] РћРџР•Р РђРўРћР :  GRANT INSERT ON Requests IN SCHEME public TO foretkc;
2021-07-09 06:40:45.724 GMT [17144] РћРЁРР‘РљРђ:  РѕС€РёР±РєР° СЃРёРЅС‚Р°РєСЃРёСЃР° (РїСЂРёРјРµСЂРЅРѕРµ РїРѕР»РѕР¶РµРЅРёРµ: "IN") (СЃРёРјРІРѕР» 26)
2021-07-09 06:40:45.724 GMT [17144] РћРџР•Р РђРўРћР :  GRANT INSERT ON Requests IN SCHEME public TO foretkc;
2021-07-09 06:41:41.471 GMT [17144] РћРЁРР‘РљРђ:  РѕС€РёР±РєР° СЃРёРЅС‚Р°РєСЃРёСЃР° (РїСЂРёРјРµСЂРЅРѕРµ РїРѕР»РѕР¶РµРЅРёРµ: "IN") (СЃРёРјРІРѕР» 26)
2021-07-09 06:41:41.471 GMT [17144] РћРџР•Р РђРўРћР :  GRANT INSERT ON Requests IN SCHEME public TO foretkc;
2021-07-09 06:42:00.148 GMT [17144] РћРЁРР‘РљРђ:  РѕС€РёР±РєР° СЃРёРЅС‚Р°РєСЃРёСЃР° (РїСЂРёРјРµСЂРЅРѕРµ РїРѕР»РѕР¶РµРЅРёРµ: "IN") (СЃРёРјРІРѕР» 26)
2021-07-09 06:42:00.148 GMT [17144] РћРџР•Р РђРўРћР :  GRANT INSERT ON Requests IN SCHEMA public TO foretkc;
2021-07-09 06:42:55.121 GMT [17144] РћРЁРР‘РљРђ:  РѕС‚РЅРѕС€РµРЅРёРµ "request" РЅРµ СЃСѓС‰РµСЃС‚РІСѓРµС‚
2021-07-09 06:42:55.121 GMT [17144] РћРџР•Р РђРўРћР :  GRANT INSERT ON Request TO foretkc;
2021-07-09 06:43:06.419 GMT [17144] РћРЁРР‘РљРђ:  РѕС‚РЅРѕС€РµРЅРёРµ "requests" РЅРµ СЃСѓС‰РµСЃС‚РІСѓРµС‚
2021-07-09 06:43:06.419 GMT [17144] РћРџР•Р РђРўРћР :  GRANT INSERT ON Requests TO foretkc;
2021-07-09 06:44:41.112 GMT [17136] РћРЁРР‘РљРђ:  РѕС‚РЅРѕС€РµРЅРёРµ "requests" РЅРµ СЃСѓС‰РµСЃС‚РІСѓРµС‚
2021-07-09 06:44:41.112 GMT [17136] РћРџР•Р РђРўРћР :  GRANT INSERT ON Requests TO foretkc
	;
2021-07-09 06:48:33.647 GMT [19012] РћРЁРР‘РљРђ:  РЅРµС‚ РґРѕСЃС‚СѓРїР° Рє РѕС‚РЅРѕС€РµРЅРёСЋ Requests
2021-07-09 06:48:33.647 GMT [19012] РћРџР•Р РђРўРћР :  INSERT INTO "Requests" ("ApplicantName", "Email", "EventId", "IsConsentedForProcessingOfPD", "PersonCountInGroup", "PhoneNumber", "PlanVisitDate", "PlanVisitTime")
	VALUES ($1, $2, $3, $4, $5, $6, $7, $8)
	RETURNING "Id"
2021-07-09 06:51:20.926 GMT [18464] РћРЁРР‘РљРђ:  РЅРµС‚ РґРѕСЃС‚СѓРїР° Рє РѕС‚РЅРѕС€РµРЅРёСЋ Requests
2021-07-09 06:51:20.926 GMT [18464] РћРџР•Р РђРўРћР :  INSERT INTO "Requests" ("ApplicantName", "Email", "EventId", "IsConsentedForProcessingOfPD", "PersonCountInGroup", "PhoneNumber", "PlanVisitDate", "PlanVisitTime")
	VALUES ($1, $2, $3, $4, $5, $6, $7, $8)
	RETURNING "Id"
2021-07-09 06:53:57.822 GMT [18216] РћРЁРР‘РљРђ:  РЅРµС‚ РґРѕСЃС‚СѓРїР° Рє РѕС‚РЅРѕС€РµРЅРёСЋ Requests
2021-07-09 06:53:57.822 GMT [18216] РћРџР•Р РђРўРћР :  SELECT t.*
	FROM public."Requests" t
	LIMIT 501
2021-07-09 06:54:12.899 GMT [18216] РћРЁРР‘РљРђ:  РЅРµС‚ РґРѕСЃС‚СѓРїР° Рє РѕС‚РЅРѕС€РµРЅРёСЋ Requests
2021-07-09 06:54:12.899 GMT [18216] РћРџР•Р РђРўРћР :  SELECT t.*
	FROM public."Requests" t
	LIMIT 501
2021-07-09 06:54:13.891 GMT [18216] РћРЁРР‘РљРђ:  РЅРµС‚ РґРѕСЃС‚СѓРїР° Рє РѕС‚РЅРѕС€РµРЅРёСЋ Requests
2021-07-09 06:54:13.891 GMT [18216] РћРџР•Р РђРўРћР :  SELECT t.*
	FROM public."Requests" t
	LIMIT 501
2021-07-09 06:56:09.164 GMT [18216] РћРЁРР‘РљРђ:  РЅРµС‚ РґРѕСЃС‚СѓРїР° Рє РѕС‚РЅРѕС€РµРЅРёСЋ Requests
2021-07-09 06:56:09.164 GMT [18216] РћРџР•Р РђРўРћР :  SELECT t.*
	FROM public."Requests" t
	LIMIT 501
2021-07-09 06:56:10.359 GMT [18216] РћРЁРР‘РљРђ:  РЅРµС‚ РґРѕСЃС‚СѓРїР° Рє РѕС‚РЅРѕС€РµРЅРёСЋ Requests
2021-07-09 06:56:10.359 GMT [18216] РћРџР•Р РђРўРћР :  SELECT t.*
	FROM public."Requests" t
	LIMIT 501
2021-07-09 06:56:11.305 GMT [18216] РћРЁРР‘РљРђ:  РЅРµС‚ РґРѕСЃС‚СѓРїР° Рє РѕС‚РЅРѕС€РµРЅРёСЋ Requests
2021-07-09 06:56:11.305 GMT [18216] РћРџР•Р РђРўРћР :  SELECT t.*
	FROM public."Requests" t
	LIMIT 501
2021-07-09 06:56:12.096 GMT [18216] РћРЁРР‘РљРђ:  РЅРµС‚ РґРѕСЃС‚СѓРїР° Рє РѕС‚РЅРѕС€РµРЅРёСЋ Requests
2021-07-09 06:56:12.096 GMT [18216] РћРџР•Р РђРўРћР :  SELECT t.*
	FROM public."Requests" t
	LIMIT 501
2021-07-09 06:56:12.776 GMT [18216] РћРЁРР‘РљРђ:  РЅРµС‚ РґРѕСЃС‚СѓРїР° Рє РѕС‚РЅРѕС€РµРЅРёСЋ Requests
2021-07-09 06:56:12.776 GMT [18216] РћРџР•Р РђРўРћР :  SELECT t.*
	FROM public."Requests" t
	LIMIT 501
2021-07-09 06:56:13.306 GMT [18216] РћРЁРР‘РљРђ:  РЅРµС‚ РґРѕСЃС‚СѓРїР° Рє РѕС‚РЅРѕС€РµРЅРёСЋ Requests
2021-07-09 06:56:13.306 GMT [18216] РћРџР•Р РђРўРћР :  SELECT t.*
	FROM public."Requests" t
	LIMIT 501
2021-07-09 06:56:13.768 GMT [18216] РћРЁРР‘РљРђ:  РЅРµС‚ РґРѕСЃС‚СѓРїР° Рє РѕС‚РЅРѕС€РµРЅРёСЋ Requests
2021-07-09 06:56:13.768 GMT [18216] РћРџР•Р РђРўРћР :  SELECT t.*
	FROM public."Requests" t
	LIMIT 501
2021-07-09 06:56:14.240 GMT [18216] РћРЁРР‘РљРђ:  РЅРµС‚ РґРѕСЃС‚СѓРїР° Рє РѕС‚РЅРѕС€РµРЅРёСЋ Requests
2021-07-09 06:56:14.240 GMT [18216] РћРџР•Р РђРўРћР :  SELECT t.*
	FROM public."Requests" t
	LIMIT 501
2021-07-09 06:56:14.588 GMT [18216] РћРЁРР‘РљРђ:  РЅРµС‚ РґРѕСЃС‚СѓРїР° Рє РѕС‚РЅРѕС€РµРЅРёСЋ Requests
2021-07-09 06:56:14.588 GMT [18216] РћРџР•Р РђРўРћР :  SELECT t.*
	FROM public."Requests" t
	LIMIT 501
2021-07-09 06:56:15.064 GMT [18216] РћРЁРР‘РљРђ:  РЅРµС‚ РґРѕСЃС‚СѓРїР° Рє РѕС‚РЅРѕС€РµРЅРёСЋ Requests
2021-07-09 06:56:15.064 GMT [18216] РћРџР•Р РђРўРћР :  SELECT t.*
	FROM public."Requests" t
	LIMIT 501
2021-07-09 06:56:15.445 GMT [18216] РћРЁРР‘РљРђ:  РЅРµС‚ РґРѕСЃС‚СѓРїР° Рє РѕС‚РЅРѕС€РµРЅРёСЋ Requests
2021-07-09 06:56:15.445 GMT [18216] РћРџР•Р РђРўРћР :  SELECT t.*
	FROM public."Requests" t
	LIMIT 501
2021-07-09 06:56:15.796 GMT [18216] РћРЁРР‘РљРђ:  РЅРµС‚ РґРѕСЃС‚СѓРїР° Рє РѕС‚РЅРѕС€РµРЅРёСЋ Requests
2021-07-09 06:56:15.796 GMT [18216] РћРџР•Р РђРўРћР :  SELECT t.*
	FROM public."Requests" t
	LIMIT 501
2021-07-09 06:56:16.139 GMT [18216] РћРЁРР‘РљРђ:  РЅРµС‚ РґРѕСЃС‚СѓРїР° Рє РѕС‚РЅРѕС€РµРЅРёСЋ Requests
2021-07-09 06:56:16.139 GMT [18216] РћРџР•Р РђРўРћР :  SELECT t.*
	FROM public."Requests" t
	LIMIT 501
2021-07-09 06:56:16.514 GMT [18216] РћРЁРР‘РљРђ:  РЅРµС‚ РґРѕСЃС‚СѓРїР° Рє РѕС‚РЅРѕС€РµРЅРёСЋ Requests
2021-07-09 06:56:16.514 GMT [18216] РћРџР•Р РђРўРћР :  SELECT t.*
	FROM public."Requests" t
	LIMIT 501
2021-07-09 06:56:27.861 GMT [18216] РћРЁРР‘РљРђ:  РЅРµС‚ РґРѕСЃС‚СѓРїР° Рє РѕС‚РЅРѕС€РµРЅРёСЋ Requests
2021-07-09 06:56:27.861 GMT [18216] РћРџР•Р РђРўРћР :  SELECT t.*
	FROM public."Requests" t
	LIMIT 501
2021-07-09 06:56:28.480 GMT [18216] РћРЁРР‘РљРђ:  РЅРµС‚ РґРѕСЃС‚СѓРїР° Рє РѕС‚РЅРѕС€РµРЅРёСЋ Requests
2021-07-09 06:56:28.480 GMT [18216] РћРџР•Р РђРўРћР :  SELECT t.*
	FROM public."Requests" t
	LIMIT 501
2021-07-09 06:56:30.371 GMT [18216] РћРЁРР‘РљРђ:  РЅРµС‚ РґРѕСЃС‚СѓРїР° Рє РѕС‚РЅРѕС€РµРЅРёСЋ Requests
2021-07-09 06:56:30.371 GMT [18216] РћРџР•Р РђРўРћР :  SELECT t.*
	FROM public."Requests" t
	LIMIT 501
2021-07-09 06:56:31.031 GMT [18216] РћРЁРР‘РљРђ:  РЅРµС‚ РґРѕСЃС‚СѓРїР° Рє РѕС‚РЅРѕС€РµРЅРёСЋ Requests
2021-07-09 06:56:31.031 GMT [18216] РћРџР•Р РђРўРћР :  SELECT t.*
	FROM public."Requests" t
	LIMIT 501
2021-07-09 06:56:32.219 GMT [18216] РћРЁРР‘РљРђ:  РЅРµС‚ РґРѕСЃС‚СѓРїР° Рє РѕС‚РЅРѕС€РµРЅРёСЋ Requests
2021-07-09 06:56:32.219 GMT [18216] РћРџР•Р РђРўРћР :  SELECT t.*
	FROM public."Requests" t
	LIMIT 501
2021-07-09 06:56:51.011 GMT [18740] РћРЁРР‘РљРђ:  РЅРµС‚ РґРѕСЃС‚СѓРїР° Рє РѕС‚РЅРѕС€РµРЅРёСЋ Requests
2021-07-09 06:56:51.011 GMT [18740] РћРџР•Р РђРўРћР :  INSERT INTO "Requests" ("ApplicantName", "Email", "EventId", "IsConsentedForProcessingOfPD", "PersonCountInGroup", "PhoneNumber", "PlanVisitDate", "PlanVisitTime")
	VALUES ($1, $2, $3, $4, $5, $6, $7, $8)
	RETURNING "Id"
2021-07-09 07:00:58.785 GMT [17136] РћРЁРР‘РљРђ:  РѕС€РёР±РєР° СЃРёРЅС‚Р°РєСЃРёСЃР° (РїСЂРёРјРµСЂРЅРѕРµ РїРѕР»РѕР¶РµРЅРёРµ: "TO") (СЃРёРјРІРѕР» 46)
2021-07-09 07:00:58.785 GMT [17136] РћРџР•Р РђРўРћР :  REVOKE SELECT ON ALL TABLES IN SCHEMA public TO foretkc;
2021-07-09 07:02:38.186 GMT [17136] РћРЁРР‘РљРђ:  РѕС€РёР±РєР° СЃРёРЅС‚Р°РєСЃРёСЃР° (РїСЂРёРјРµСЂРЅРѕРµ РїРѕР»РѕР¶РµРЅРёРµ: "TO") (СЃРёРјРІРѕР» 43)
2021-07-09 07:02:38.186 GMT [17136] РћРџР•Р РђРўРћР :  REVOKE ALL ON ALL TABLES IN SCHEMA public TO foretkc;
2021-07-09 07:03:03.976 GMT [8276] ВАЖНО:  пользователь "forrtkc" не прошёл проверку подлинности (по паролю)
2021-07-09 07:03:03.976 GMT [8276] ПОДРОБНОСТИ:  Роль "forrtkc" не существует.
	Подключение соответствует строке 82 в pg_hba.conf: "host    all             all             ::1/128                 md5"
2021-07-09 07:03:05.927 GMT [3248] ВАЖНО:  пользователь "forrtkc" не прошёл проверку подлинности (по паролю)
2021-07-09 07:03:05.927 GMT [3248] ПОДРОБНОСТИ:  Роль "forrtkc" не существует.
	Подключение соответствует строке 82 в pg_hba.conf: "host    all             all             ::1/128                 md5"
2021-07-09 07:05:07.784 GMT [9452] РћРЁРР‘РљРђ:  РЅРµС‚ РґРѕСЃС‚СѓРїР° Рє РѕС‚РЅРѕС€РµРЅРёСЋ Requests
2021-07-09 07:05:07.784 GMT [9452] РћРџР•Р РђРўРћР :  SELECT t.*
	FROM public."Requests" t
	LIMIT 501
2021-07-09 07:05:17.050 GMT [17896] РћРЁРР‘РљРђ:  РЅРµС‚ РґРѕСЃС‚СѓРїР° Рє РѕС‚РЅРѕС€РµРЅРёСЋ Requests
2021-07-09 07:05:17.050 GMT [17896] РћРџР•Р РђРўРћР :  SELECT t.*
	FROM public."Requests" t
	LIMIT 501
2021-07-09 07:05:19.006 GMT [17896] РћРЁРР‘РљРђ:  РЅРµС‚ РґРѕСЃС‚СѓРїР° Рє РѕС‚РЅРѕС€РµРЅРёСЋ Requests
2021-07-09 07:05:19.006 GMT [17896] РћРџР•Р РђРўРћР :  SELECT t.*
	FROM public."Requests" t
	LIMIT 501
2021-07-09 07:05:20.101 GMT [17896] РћРЁРР‘РљРђ:  РЅРµС‚ РґРѕСЃС‚СѓРїР° Рє РѕС‚РЅРѕС€РµРЅРёСЋ Requests
2021-07-09 07:05:20.101 GMT [17896] РћРџР•Р РђРўРћР :  SELECT t.*
	FROM public."Requests" t
	LIMIT 501
2021-07-09 07:05:29.549 GMT [15012] РћРЁРР‘РљРђ:  РЅРµС‚ РґРѕСЃС‚СѓРїР° Рє РѕС‚РЅРѕС€РµРЅРёСЋ Requests
2021-07-09 07:05:29.549 GMT [15012] РћРџР•Р РђРўРћР :  INSERT INTO "Requests" ("ApplicantName", "Email", "EventId", "IsConsentedForProcessingOfPD", "PersonCountInGroup", "PhoneNumber", "PlanVisitDate", "PlanVisitTime")
	VALUES ($1, $2, $3, $4, $5, $6, $7, $8)
	RETURNING "Id"
2021-07-09 07:05:34.404 GMT [15012] РћРЁРР‘РљРђ:  РЅРµС‚ РґРѕСЃС‚СѓРїР° Рє РѕС‚РЅРѕС€РµРЅРёСЋ Requests
2021-07-09 07:05:34.404 GMT [15012] РћРџР•Р РђРўРћР :  INSERT INTO "Requests" ("ApplicantName", "Email", "EventId", "IsConsentedForProcessingOfPD", "PersonCountInGroup", "PhoneNumber", "PlanVisitDate", "PlanVisitTime")
	VALUES ($1, $2, $3, $4, $5, $6, $7, $8)
	RETURNING "Id"
2021-07-09 07:07:31.961 GMT [14124] РћРЁРР‘РљРђ:  РЅРµС‚ РґРѕСЃС‚СѓРїР° Рє РѕС‚РЅРѕС€РµРЅРёСЋ Requests
2021-07-09 07:07:31.961 GMT [14124] РћРџР•Р РђРўРћР :  SELECT * FROM public."Requests"
	ORDER BY "Id" ASC 
2021-07-09 07:14:06.227 GMT [8292] РћРЁРР‘РљРђ:  РѕС‚РЅРѕС€РµРЅРёРµ "requests" РЅРµ СЃСѓС‰РµСЃС‚РІСѓРµС‚ (СЃРёРјРІРѕР» 13)
2021-07-09 07:14:06.227 GMT [8292] РћРџР•Р РђРўРћР :  INSERT INTO requests (Id, ApplicantName) values (2, 'РњРёС…Р°РёР»');
2021-07-09 07:14:18.084 GMT [8292] РћРЁРР‘РљРђ:  РѕС‚РЅРѕС€РµРЅРёРµ "requests" РЅРµ СЃСѓС‰РµСЃС‚РІСѓРµС‚ (СЃРёРјРІРѕР» 13)
2021-07-09 07:14:18.084 GMT [8292] РћРџР•Р РђРўРћР :  INSERT INTO Requests (Id, ApplicantName) values (2, 'РњРёС…Р°РёР»');
2021-07-09 07:15:14.407 GMT [8292] РћРЁРР‘РљРђ:  СЃС‚РѕР»Р±РµС† "id" РІ С‚Р°Р±Р»РёС†Рµ "Requests" РЅРµ СЃСѓС‰РµСЃС‚РІСѓРµС‚ (СЃРёРјРІРѕР» 25)
2021-07-09 07:15:14.407 GMT [8292] РћРџР•Р РђРўРћР :  INSERT INTO "Requests" (Id, ApplicantName) values (2, 'РњРёС…Р°РёР»');
2021-07-09 07:15:27.724 GMT [8292] РћРЁРР‘РљРђ:  СЃС‚РѕР»Р±РµС† "id" РІ С‚Р°Р±Р»РёС†Рµ "Requests" РЅРµ СЃСѓС‰РµСЃС‚РІСѓРµС‚ (СЃРёРјРІРѕР» 25)
2021-07-09 07:15:27.724 GMT [8292] РћРџР•Р РђРўРћР :  INSERT INTO "Requests" (id, ApplicantName) values (2, 'РњРёС…Р°РёР»');
2021-07-09 07:15:51.975 GMT [8292] РћРЁРР‘РљРђ:  РЅСѓР»РµРІРѕРµ Р·РЅР°С‡РµРЅРёРµ РІ СЃС‚РѕР»Р±С†Рµ "PlanVisitDate" РЅР°СЂСѓС€Р°РµС‚ РѕРіСЂР°РЅРёС‡РµРЅРёРµ NOT NULL
2021-07-09 07:15:51.975 GMT [8292] РџРћР”Р РћР‘РќРћРЎРўР:  РћС€РёР±РѕС‡РЅР°СЏ СЃС‚СЂРѕРєР° СЃРѕРґРµСЂР¶РёС‚ (2, РњРёС…Р°РёР», null, null, null, null, null, null, null).
2021-07-09 07:15:51.975 GMT [8292] РћРџР•Р РђРўРћР :  INSERT INTO "Requests" ("Id", "ApplicantName") values (2, 'РњРёС…Р°РёР»');
2021-07-09 07:18:02.405 GMT [8292] РћРЁРР‘РљРђ:  РѕС€РёР±РєР° СЃРёРЅС‚Р°РєСЃРёСЃР° (РїСЂРёРјРµСЂРЅРѕРµ РїРѕР»РѕР¶РµРЅРёРµ: "12") (СЃРёРјРІРѕР» 97)
2021-07-09 07:18:02.405 GMT [8292] РћРџР•Р РђРўРћР :  INSERT INTO "Requests" ("Id", "ApplicantName", "PlanVisitDate") values (2, 'РњРёС…Р°РёР»', 0001-01-10 12:12:12);
2021-07-09 07:18:17.102 GMT [8292] РћРЁРР‘РљРђ:  РЅСѓР»РµРІРѕРµ Р·РЅР°С‡РµРЅРёРµ РІ СЃС‚РѕР»Р±С†Рµ "PersonCountInGroup" РЅР°СЂСѓС€Р°РµС‚ РѕРіСЂР°РЅРёС‡РµРЅРёРµ NOT NULL
2021-07-09 07:18:17.102 GMT [8292] РџРћР”Р РћР‘РќРћРЎРўР:  РћС€РёР±РѕС‡РЅР°СЏ СЃС‚СЂРѕРєР° СЃРѕРґРµСЂР¶РёС‚ (2, РњРёС…Р°РёР», null, null, 0001-01-10 12:12:12, null, null, null, null).
2021-07-09 07:18:17.102 GMT [8292] РћРџР•Р РђРўРћР :  INSERT INTO "Requests" ("Id", "ApplicantName", "PlanVisitDate") values (2, 'РњРёС…Р°РёР»', '0001-01-10 12:12:12');
2021-07-09 07:22:17.402 GMT [8292] РћРЁРР‘РљРђ:  СЃС‚РѕР»Р±РµС† "IsConsentedForProcessinfOfPD" РІ С‚Р°Р±Р»РёС†Рµ "Requests" РЅРµ СЃСѓС‰РµСЃС‚РІСѓРµС‚ (СЃРёРјРІРѕР» 87)
2021-07-09 07:22:17.402 GMT [8292] РћРџР•Р РђРўРћР :  INSERT INTO "Requests" ("Id", "ApplicantName", "PlanVisitDate", "PersonCountInGroup", "IsConsentedForProcessinfOfPD", "EventId") values (2, 'РњРёС…Р°РёР»', '0001-01-10 12:12:12', 5, 'true', 2);
2021-07-09 07:22:48.460 GMT [8292] РћРЁРР‘РљРђ:  РїРѕРІС‚РѕСЂСЏСЋС‰РµРµСЃСЏ Р·РЅР°С‡РµРЅРёРµ РєР»СЋС‡Р° РЅР°СЂСѓС€Р°РµС‚ РѕРіСЂР°РЅРёС‡РµРЅРёРµ СѓРЅРёРєР°Р»СЊРЅРѕСЃС‚Рё "PK_Requests"
2021-07-09 07:22:48.460 GMT [8292] РџРћР”Р РћР‘РќРћРЎРўР:  РљР»СЋС‡ "("Id")=(2)" СѓР¶Рµ СЃСѓС‰РµСЃС‚РІСѓРµС‚.
2021-07-09 07:22:48.460 GMT [8292] РћРџР•Р РђРўРћР :  INSERT INTO "Requests" ("Id", "ApplicantName", "PlanVisitDate", "PersonCountInGroup", "IsConsentedForProcessingOfPD", "EventId") values (2, 'РњРёС…Р°РёР»', '0001-01-10 12:12:12', 5, 'true', 2);
2021-07-09 07:33:40.927 GMT [19044] РЎРћРћР‘Р©Р•РќРР•:  РЅРµ СѓРґР°Р»РѕСЃСЊ РїРѕР»СѓС‡РёС‚СЊ РґР°РЅРЅС‹Рµ РѕС‚ РєР»РёРµРЅС‚Р°: An existing connection was forcibly closed by the remote host.
	
2021-07-09 07:33:40.927 GMT [7976] РЎРћРћР‘Р©Р•РќРР•:  РЅРµ СѓРґР°Р»РѕСЃСЊ РїРѕР»СѓС‡РёС‚СЊ РґР°РЅРЅС‹Рµ РѕС‚ РєР»РёРµРЅС‚Р°: An existing connection was forcibly closed by the remote host.
	
2021-07-09 07:33:40.955 GMT [14124] РЎРћРћР‘Р©Р•РќРР•:  РЅРµ СѓРґР°Р»РѕСЃСЊ РїРѕР»СѓС‡РёС‚СЊ РґР°РЅРЅС‹Рµ РѕС‚ РєР»РёРµРЅС‚Р°: An existing connection was forcibly closed by the remote host.
	
2021-07-09 08:43:49.907 GMT [12772] РЎРћРћР‘Р©Р•РќРР•:  РЅРµ СѓРґР°Р»РѕСЃСЊ РїРѕР»СѓС‡РёС‚СЊ РґР°РЅРЅС‹Рµ РѕС‚ РєР»РёРµРЅС‚Р°: An existing connection was forcibly closed by the remote host.
	
2021-07-09 09:08:17.000 GMT [18604] РћРЁРР‘РљРђ:  РѕС€РёР±РєР° СЃРёРЅС‚Р°РєСЃРёСЃР° (РїСЂРёРјРµСЂРЅРѕРµ РїРѕР»РѕР¶РµРЅРёРµ: ",") (СЃРёРјРІРѕР» 172)
2021-07-09 09:08:17.000 GMT [18604] РћРџР•Р РђРўРћР :  INSERT INTO Request (Id, ApplicantName, PhoneNumber, Email, PlanVisitDate, PlanVisitTime, PersonCountInGroup, IsConsentedForProcessingOfPD, EventId) values (0, Р”РµРЅРёСЃ-urq, , , 01/01/0001 00:00:00, , 0, False, 0)
2021-07-09 09:43:16.527 GMT [17876] РћРЁРР‘РљРђ:  РѕС€РёР±РєР° СЃРёРЅС‚Р°РєСЃРёСЃР° (РїСЂРёРјРµСЂРЅРѕРµ РїРѕР»РѕР¶РµРЅРёРµ: ",") (СЃРёРјРІРѕР» 168)
2021-07-09 09:43:16.527 GMT [17876] РћРџР•Р РђРўРћР :  INSERT INTO Request (Id, ApplicantName, PhoneNumber, Email, PlanVisitDate, PlanVisitTime, PersonCountInGroup, IsConsentedForProcessingOfPD, EventId) values (0, Р”РµРЅРёСЃ, , , 01/01/0001 00:00:00, , 0, False, 0)
2021-07-09 10:05:43.010 GMT [15324] РЎРћРћР‘Р©Р•РќРР•:  РЅРµ СѓРґР°Р»РѕСЃСЊ РїРѕР»СѓС‡РёС‚СЊ РґР°РЅРЅС‹Рµ РѕС‚ РєР»РёРµРЅС‚Р°: An existing connection was forcibly closed by the remote host.
	
2021-07-09 10:13:22.829 GMT [9892] РћРЁРР‘РљРђ:  РѕС‚РЅРѕС€РµРЅРёРµ "request" РЅРµ СЃСѓС‰РµСЃС‚РІСѓРµС‚ (СЃРёРјРІРѕР» 13)
2021-07-09 10:13:22.829 GMT [9892] РћРџР•Р РђРўРћР :  INSERT INTO Request (Id, ApplicantName, PhoneNumber, Email, PlanVisitDate, PlanVisitTime, PersonCountInGroup, IsConsentedForProcessingOfPD, EventId) VALUES ($1, $2, $3, $4, $5, $6, $7, $8, $9)
2021-07-09 10:14:50.029 GMT [3044] РћРЁРР‘РљРђ:  РѕС‚РЅРѕС€РµРЅРёРµ "request" РЅРµ СЃСѓС‰РµСЃС‚РІСѓРµС‚ (СЃРёРјРІРѕР» 13)
2021-07-09 10:14:50.029 GMT [3044] РћРџР•Р РђРўРћР :  INSERT INTO request (Id, ApplicantName, PhoneNumber, Email, PlanVisitDate, PlanVisitTime, PersonCountInGroup, IsConsentedForProcessingOfPD, EventId) VALUES ($1, $2, $3, $4, $5, $6, $7, $8, $9)
2021-07-09 10:15:22.773 GMT [16804] РћРЁРР‘РљРђ:  РѕС€РёР±РєР° СЃРёРЅС‚Р°РєСЃРёСЃР° (РїСЂРёРјРµСЂРЅРѕРµ РїРѕР»РѕР¶РµРЅРёРµ: "'request'") (СЃРёРјРІРѕР» 13)
2021-07-09 10:15:22.773 GMT [16804] РћРџР•Р РђРўРћР :  INSERT INTO 'request' (Id, ApplicantName, PhoneNumber, Email, PlanVisitDate, PlanVisitTime, PersonCountInGroup, IsConsentedForProcessingOfPD, EventId) VALUES ($1, $2, $3, $4, $5, $6, $7, $8, $9)
2021-07-09 10:15:49.592 GMT [624] РћРЁРР‘РљРђ:  РѕС€РёР±РєР° СЃРёРЅС‚Р°РєСЃРёСЃР° (РїСЂРёРјРµСЂРЅРѕРµ РїРѕР»РѕР¶РµРЅРёРµ: "'request'") (СЃРёРјРІРѕР» 13)
2021-07-09 10:15:49.592 GMT [624] РћРџР•Р РђРўРћР :  INSERT INTO 'request' (Id, ApplicantName, PhoneNumber, Email, PlanVisitDate, PlanVisitTime, PersonCountInGroup, IsConsentedForProcessingOfPD, EventId) VALUES ($1, $2, $3, $4, $5, $6, $7, $8, $9)
2021-07-09 10:16:23.735 GMT [19172] РћРЁРР‘РљРђ:  РѕС‚РЅРѕС€РµРЅРёРµ "requests" РЅРµ СЃСѓС‰РµСЃС‚РІСѓРµС‚ (СЃРёРјРІРѕР» 13)
2021-07-09 10:16:23.735 GMT [19172] РћРџР•Р РђРўРћР :  INSERT INTO Requests (Id, ApplicantName, PhoneNumber, Email, PlanVisitDate, PlanVisitTime, PersonCountInGroup, IsConsentedForProcessingOfPD, EventId) VALUES ($1, $2, $3, $4, $5, $6, $7, $8, $9)
2021-07-09 10:16:39.621 GMT [8292] РћРЁРР‘РљРђ:  РїРѕРІС‚РѕСЂСЏСЋС‰РµРµСЃСЏ Р·РЅР°С‡РµРЅРёРµ РєР»СЋС‡Р° РЅР°СЂСѓС€Р°РµС‚ РѕРіСЂР°РЅРёС‡РµРЅРёРµ СѓРЅРёРєР°Р»СЊРЅРѕСЃС‚Рё "PK_Requests"
2021-07-09 10:16:39.621 GMT [8292] РџРћР”Р РћР‘РќРћРЎРўР:  РљР»СЋС‡ "("Id")=(3)" СѓР¶Рµ СЃСѓС‰РµСЃС‚РІСѓРµС‚.
2021-07-09 10:16:39.621 GMT [8292] РћРџР•Р РђРўРћР :  INSERT INTO "Requests" ("Id", "ApplicantName", "PlanVisitDate", "PersonCountInGroup", "IsConsentedForProcessingOfPD", "EventId") values (3, 'РњРёС…Р°РёР»', '0001-01-10 12:12:12', 5, 'true', 2);
2021-07-09 10:19:21.043 GMT [8292] РћРЁРР‘РљРђ:  РѕС€РёР±РєР° СЃРёРЅС‚Р°РєСЃРёСЃР° (РїСЂРёРјРµСЂРЅРѕРµ РїРѕР»РѕР¶РµРЅРёРµ: "'РњРёС…Р°РёР»'") (СЃРёРјРІРѕР» 138)
2021-07-09 10:19:21.043 GMT [8292] РћРџР•Р РђРўРћР :  INSERT INTO Requests ("Id", "ApplicantName", "PlanVisitDate", "PersonCountInGroup", "IsConsentedForProcessingOfPD", "EventId") values (4 'РњРёС…Р°РёР»', '0001-01-10 12:12:12', 5, 'true', 2);
2021-07-09 10:19:45.587 GMT [8292] РћРЁРР‘РљРђ:  РѕС€РёР±РєР° СЃРёРЅС‚Р°РєСЃРёСЃР° (РїСЂРёРјРµСЂРЅРѕРµ РїРѕР»РѕР¶РµРЅРёРµ: "'РњРёС…Р°РёР»'") (СЃРёРјРІРѕР» 140)
2021-07-09 10:19:45.587 GMT [8292] РћРџР•Р РђРўРћР :  INSERT INTO "Requests" ("Id", "ApplicantName", "PlanVisitDate", "PersonCountInGroup", "IsConsentedForProcessingOfPD", "EventId") values (4 'РњРёС…Р°РёР»', '0001-01-10 12:12:12', 5, 'true', 2);
2021-07-09 10:20:05.164 GMT [8292] РћРЁРР‘РљРђ:  РїРѕРІС‚РѕСЂСЏСЋС‰РµРµСЃСЏ Р·РЅР°С‡РµРЅРёРµ РєР»СЋС‡Р° РЅР°СЂСѓС€Р°РµС‚ РѕРіСЂР°РЅРёС‡РµРЅРёРµ СѓРЅРёРєР°Р»СЊРЅРѕСЃС‚Рё "PK_Requests"
2021-07-09 10:20:05.164 GMT [8292] РџРћР”Р РћР‘РќРћРЎРўР:  РљР»СЋС‡ "("Id")=(3)" СѓР¶Рµ СЃСѓС‰РµСЃС‚РІСѓРµС‚.
2021-07-09 10:20:05.164 GMT [8292] РћРџР•Р РђРўРћР :  INSERT INTO "Requests" ("Id", "ApplicantName", "PlanVisitDate", "PersonCountInGroup", "IsConsentedForProcessingOfPD", "EventId") values (3, 'РњРёС…Р°РёР»', '0001-01-10 12:12:12', 5, 'true', 2);
2021-07-09 10:20:30.774 GMT [8292] РћРЁРР‘РљРђ:  РѕС‚РЅРѕС€РµРЅРёРµ "requests" РЅРµ СЃСѓС‰РµСЃС‚РІСѓРµС‚ (СЃРёРјРІРѕР» 13)
2021-07-09 10:20:30.774 GMT [8292] РћРџР•Р РђРўРћР :  INSERT INTO Requests ("Id", "ApplicantName", "PlanVisitDate", "PersonCountInGroup", "IsConsentedForProcessingOfPD", "EventId") values (5, 'РњРёС…Р°РёР»', '0001-01-10 12:12:12', 5, 'true', 2);
2021-07-09 10:23:11.688 GMT [17120] РћРЁРР‘РљРђ:  РѕС‚РЅРѕС€РµРЅРёРµ "public.requests" РЅРµ СЃСѓС‰РµСЃС‚РІСѓРµС‚ (СЃРёРјРІРѕР» 13)
2021-07-09 10:23:11.688 GMT [17120] РћРџР•Р РђРўРћР :  INSERT INTO public.Requests (Id, ApplicantName, PhoneNumber, Email, PlanVisitDate, PlanVisitTime, PersonCountInGroup, IsConsentedForProcessingOfPD, EventId) VALUES ($1, $2, $3, $4, $5, $6, $7, $8, $9)
2021-07-09 10:29:50.085 GMT [8292] РћРЁРР‘РљРђ:  РѕС‚РЅРѕС€РµРЅРёРµ "requests" РЅРµ СЃСѓС‰РµСЃС‚РІСѓРµС‚ (СЃРёРјРІРѕР» 13)
2021-07-09 10:29:50.085 GMT [8292] РћРџР•Р РђРўРћР :  INSERT INTO Requests ("Id", "ApplicantName", "PlanVisitDate", "PersonCountInGroup", "IsConsentedForProcessingOfPD", "EventId") values (6, 'РњРёС…Р°РёР»', '0001-01-10 12:12:12', 5, 'true', 2);
2021-07-09 10:30:03.924 GMT [8292] РћРЁРР‘РљРђ:  РѕС‚РЅРѕС€РµРЅРёРµ "requests" РЅРµ СЃСѓС‰РµСЃС‚РІСѓРµС‚ (СЃРёРјРІРѕР» 13)
2021-07-09 10:30:03.924 GMT [8292] РћРџР•Р РђРўРћР :  INSERT INTO Requests ("Id", "ApplicantName", "PlanVisitDate", "PersonCountInGroup", "IsConsentedForProcessingOfPD", "EventId") values (5, 'РњРёС…Р°РёР»', '0001-01-10 12:12:12', 5, 'true', 2);
2021-07-09 10:30:30.702 GMT [1756] РћРЁРР‘РљРђ:  РѕС‚РЅРѕС€РµРЅРёРµ "requests" РЅРµ СЃСѓС‰РµСЃС‚РІСѓРµС‚ (СЃРёРјРІРѕР» 13)
2021-07-09 10:30:30.702 GMT [1756] РћРџР•Р РђРўРћР :  INSERT INTO Requests (Id, ApplicantName, PhoneNumber, Email, PlanVisitDate, PlanVisitTime, PersonCountInGroup, IsConsentedForProcessingOfPD, EventId) VALUES ($1, $2, $3, $4, $5, $6, $7, $8, $9)
2021-07-09 10:33:18.601 GMT [732] РЎРћРћР‘Р©Р•РќРР•:  РЅРµ СѓРґР°Р»РѕСЃСЊ РїРѕР»СѓС‡РёС‚СЊ РґР°РЅРЅС‹Рµ РѕС‚ РєР»РёРµРЅС‚Р°: An existing connection was forcibly closed by the remote host.
	
2021-07-09 10:33:41.210 GMT [2464] РћРЁРР‘РљРђ:  РѕС€РёР±РєР° СЃРёРЅС‚Р°РєСЃРёСЃР° (РїСЂРёРјРµСЂРЅРѕРµ РїРѕР»РѕР¶РµРЅРёРµ: "ALTER") (СЃРёРјРІРѕР» 41)
2021-07-09 10:33:41.210 GMT [2464] РћРџР•Р РђРўРћР :  ALTER TABLE Requests RENAME TO requests
	ALTER TABLE Requests RENAME TO req
	ALTER TABLE Requests RENAME TO qwertyu
	;
2021-07-09 10:33:50.560 GMT [2464] РћРЁРР‘РљРђ:  РѕС‚РЅРѕС€РµРЅРёРµ "requests" РЅРµ СЃСѓС‰РµСЃС‚РІСѓРµС‚
2021-07-09 10:33:50.560 GMT [2464] РћРџР•Р РђРўРћР :  ALTER TABLE Requests RENAME TO requests
	;
2021-07-09 10:34:01.030 GMT [2464] РћРЁРР‘РљРђ:  РѕС€РёР±РєР° СЃРёРЅС‚Р°РєСЃРёСЃР° (РїСЂРёРјРµСЂРЅРѕРµ РїРѕР»РѕР¶РµРЅРёРµ: "/") (СЃРёРјРІРѕР» 1)
2021-07-09 10:34:01.030 GMT [2464] РћРџР•Р РђРўРћР :  /dt
	;
2021-07-09 10:34:17.501 GMT [2464] РћРЁРР‘РљРђ:  РѕС€РёР±РєР° СЃРёРЅС‚Р°РєСЃРёСЃР° (РїСЂРёРјРµСЂРЅРѕРµ РїРѕР»РѕР¶РµРЅРёРµ: "/") (СЃРёРјРІРѕР» 1)
2021-07-09 10:34:17.501 GMT [2464] РћРџР•Р РђРўРћР :  /dt
	;
2021-07-09 10:34:29.983 GMT [2464] РћРЁРР‘РљРђ:  РѕС‚РЅРѕС€РµРЅРёРµ "requests" РЅРµ СЃСѓС‰РµСЃС‚РІСѓРµС‚
2021-07-09 10:34:29.983 GMT [2464] РћРџР•Р РђРўРћР :  ALTER TABLE Requests RENAME TO qwerty
	;
2021-07-09 10:35:35.714 GMT [3452] РћРЁРР‘РљРђ:  СЃС‚РѕР»Р±РµС† "id" РІ С‚Р°Р±Р»РёС†Рµ "requests" РЅРµ СЃСѓС‰РµСЃС‚РІСѓРµС‚ (СЃРёРјРІРѕР» 23)
2021-07-09 10:35:35.714 GMT [3452] РћРџР•Р РђРўРћР :  INSERT INTO requests (Id, ApplicantName, PhoneNumber, Email, PlanVisitDate, PlanVisitTime, PersonCountInGroup, IsConsentedForProcessingOfPD, EventId) VALUES ($1, $2, $3, $4, $5, $6, $7, $8, $9)
2021-07-09 10:38:42.591 GMT [5752] РЎРћРћР‘Р©Р•РќРР•:  РЅРµ СѓРґР°Р»РѕСЃСЊ РїРѕР»СѓС‡РёС‚СЊ РґР°РЅРЅС‹Рµ РѕС‚ РєР»РёРµРЅС‚Р°: An existing connection was forcibly closed by the remote host.
	
2021-07-09 10:41:10.957 GMT [10172] РћРЁРР‘РљРђ:  СЃС‚РѕР»Р±РµС† "personcountingroup" РІ С‚Р°Р±Р»РёС†Рµ "requests" РЅРµ СЃСѓС‰РµСЃС‚РІСѓРµС‚ (СЃРёРјРІРѕР» 92)
2021-07-09 10:41:10.957 GMT [10172] РћРџР•Р РђРўРћР :  INSERT INTO requests (id, applicantname, phonenumber, email, planvisitdate, planvisittime, personcountingroup, isconsentedforprocessingofpd, eventid) VALUES ($1, $2, $3, $4, $5, $6, $7, $8, $9)
2021-07-09 10:41:51.903 GMT [17632] РћРЁРР‘РљРђ:  СЃС‚РѕР»Р±РµС† "isconsentedforprocessingofpd" РІ С‚Р°Р±Р»РёС†Рµ "requests" РЅРµ СЃСѓС‰РµСЃС‚РІСѓРµС‚ (СЃРёРјРІРѕР» 112)
2021-07-09 10:41:51.903 GMT [17632] РћРџР•Р РђРўРћР :  INSERT INTO requests (id, applicantname, phonenumber, email, planvisitdate, planvisittime, personcountingroup, isconsentedforprocessingofpd, eventid) VALUES ($1, $2, $3, $4, $5, $6, $7, $8, $9)
2021-07-09 10:43:47.055 GMT [456] РћРЁРР‘РљРђ:  РѕС‚РЅРѕС€РµРЅРёРµ "public.Requests" РЅРµ СЃСѓС‰РµСЃС‚РІСѓРµС‚ (СЃРёРјРІРѕР» 17)
2021-07-09 10:43:47.055 GMT [456] РћРџР•Р РђРўРћР :  SELECT t.*
	FROM public."Requests" t
	LIMIT 501
2021-07-09 10:50:29.811 GMT [16964] РћРЁРР‘РљРђ:  РїРѕРІС‚РѕСЂСЏСЋС‰РµРµСЃСЏ Р·РЅР°С‡РµРЅРёРµ РєР»СЋС‡Р° РЅР°СЂСѓС€Р°РµС‚ РѕРіСЂР°РЅРёС‡РµРЅРёРµ СѓРЅРёРєР°Р»СЊРЅРѕСЃС‚Рё "PK_Requests"
2021-07-09 10:50:29.811 GMT [16964] РћРџР•Р РђРўРћР :  INSERT INTO requests (id, applicantname, phonenumber, email, planvisitdate, planvisittime, personcountingroup, isconsentedforprocessingofpd, eventid) VALUES ($1, $2, $3, $4, $5, $6, $7, $8, $9)
2021-07-09 10:50:29.927 GMT [12820] РћРЁРР‘РљРђ:  РїРѕРІС‚РѕСЂСЏСЋС‰РµРµСЃСЏ Р·РЅР°С‡РµРЅРёРµ РєР»СЋС‡Р° РЅР°СЂСѓС€Р°РµС‚ РѕРіСЂР°РЅРёС‡РµРЅРёРµ СѓРЅРёРєР°Р»СЊРЅРѕСЃС‚Рё "PK_Requests"
2021-07-09 10:50:29.927 GMT [12820] РћРџР•Р РђРўРћР :  INSERT INTO requests (id, applicantname, phonenumber, email, planvisitdate, planvisittime, personcountingroup, isconsentedforprocessingofpd, eventid) VALUES ($1, $2, $3, $4, $5, $6, $7, $8, $9)
2021-07-09 10:50:57.092 GMT [14000] РћРЁРР‘РљРђ:  РїРѕРІС‚РѕСЂСЏСЋС‰РµРµСЃСЏ Р·РЅР°С‡РµРЅРёРµ РєР»СЋС‡Р° РЅР°СЂСѓС€Р°РµС‚ РѕРіСЂР°РЅРёС‡РµРЅРёРµ СѓРЅРёРєР°Р»СЊРЅРѕСЃС‚Рё "PK_Requests"
2021-07-09 10:50:57.092 GMT [14000] РћРџР•Р РђРўРћР :  INSERT INTO requests (id, applicantname, phonenumber, email, planvisitdate, planvisittime, personcountingroup, isconsentedforprocessingofpd, eventid) VALUES ($1, $2, $3, $4, $5, $6, $7, $8, $9)
2021-07-09 15:42:40.467 GMT [13940] ВАЖНО:  пользователь "anast" не прошёл проверку подлинности (по паролю)
2021-07-09 15:42:40.467 GMT [13940] ПОДРОБНОСТИ:  Роль "anast" не существует.
	Подключение соответствует строке 82 в pg_hba.conf: "host    all             all             ::1/128                 md5"
2021-07-09 15:42:43.622 GMT [16976] ВАЖНО:  пользователь "anast" не прошёл проверку подлинности (по паролю)
2021-07-09 15:42:43.622 GMT [16976] ПОДРОБНОСТИ:  Роль "anast" не существует.
	Подключение соответствует строке 82 в pg_hba.conf: "host    all             all             ::1/128                 md5"
2021-07-09 15:44:25.537 GMT [16812] ВАЖНО:  пользователь "postgres" не прошёл проверку подлинности (по паролю)
2021-07-09 15:44:25.537 GMT [16812] ПОДРОБНОСТИ:  Пароль не подходит для пользователя "postgres".
	Подключение соответствует строке 82 в pg_hba.conf: "host    all             all             ::1/128                 md5"
2021-07-09 15:46:24.284 GMT [10676] ВАЖНО:  пользователь "anast" не прошёл проверку подлинности (по паролю)
2021-07-09 15:46:24.284 GMT [10676] ПОДРОБНОСТИ:  Роль "anast" не существует.
	Подключение соответствует строке 82 в pg_hba.conf: "host    all             all             ::1/128                 md5"
2021-07-09 15:46:26.002 GMT [19060] ВАЖНО:  пользователь "anast" не прошёл проверку подлинности (по паролю)
2021-07-09 15:46:26.002 GMT [19060] ПОДРОБНОСТИ:  Роль "anast" не существует.
	Подключение соответствует строке 82 в pg_hba.conf: "host    all             all             ::1/128                 md5"
2021-07-09 15:46:32.494 GMT [312] ВАЖНО:  пользователь "postgre" не прошёл проверку подлинности (по паролю)
2021-07-09 15:46:32.494 GMT [312] ПОДРОБНОСТИ:  Роль "postgre" не существует.
	Подключение соответствует строке 82 в pg_hba.conf: "host    all             all             ::1/128                 md5"
2021-07-09 15:46:34.947 GMT [15876] ВАЖНО:  пользователь "postgre" не прошёл проверку подлинности (по паролю)
2021-07-09 15:46:34.947 GMT [15876] ПОДРОБНОСТИ:  Роль "postgre" не существует.
	Подключение соответствует строке 82 в pg_hba.conf: "host    all             all             ::1/128                 md5"
