2021-07-04 12:00:37.177 GMT [10944] РЎРћРћР‘Р©Р•РќРР•:  РЅРµ СѓРґР°Р»РѕСЃСЊ РїРѕР»СѓС‡РёС‚СЊ РґР°РЅРЅС‹Рµ РѕС‚ РєР»РёРµРЅС‚Р°: An existing connection was forcibly closed by the remote host.
	
2021-07-04 12:01:36.527 GMT [17548] РЎРћРћР‘Р©Р•РќРР•:  РЅРµ СѓРґР°Р»РѕСЃСЊ РїРѕР»СѓС‡РёС‚СЊ РґР°РЅРЅС‹Рµ РѕС‚ РєР»РёРµРЅС‚Р°: An existing connection was forcibly closed by the remote host.
	
2021-07-04 12:02:04.804 GMT [19816] РЎРћРћР‘Р©Р•РќРР•:  РЅРµ СѓРґР°Р»РѕСЃСЊ РїРѕР»СѓС‡РёС‚СЊ РґР°РЅРЅС‹Рµ РѕС‚ РєР»РёРµРЅС‚Р°: An existing connection was forcibly closed by the remote host.
	
2021-07-04 12:03:16.621 GMT [23928] РЎРћРћР‘Р©Р•РќРР•:  РЅРµ СѓРґР°Р»РѕСЃСЊ РїРѕР»СѓС‡РёС‚СЊ РґР°РЅРЅС‹Рµ РѕС‚ РєР»РёРµРЅС‚Р°: An existing connection was forcibly closed by the remote host.
	
2021-07-04 12:03:16.622 GMT [5272] РЎРћРћР‘Р©Р•РќРР•:  РЅРµ СѓРґР°Р»РѕСЃСЊ РїРѕР»СѓС‡РёС‚СЊ РґР°РЅРЅС‹Рµ РѕС‚ РєР»РёРµРЅС‚Р°: An existing connection was forcibly closed by the remote host.
	
2021-07-04 13:21:05.075 GMT [8524] РЎРћРћР‘Р©Р•РќРР•:  РЅРµ СѓРґР°Р»РѕСЃСЊ РїРѕР»СѓС‡РёС‚СЊ РґР°РЅРЅС‹Рµ РѕС‚ РєР»РёРµРЅС‚Р°: An existing connection was forcibly closed by the remote host.
	
2021-07-04 13:22:26.380 GMT [864] РЎРћРћР‘Р©Р•РќРР•:  РЅРµ СѓРґР°Р»РѕСЃСЊ РїРѕР»СѓС‡РёС‚СЊ РґР°РЅРЅС‹Рµ РѕС‚ РєР»РёРµРЅС‚Р°: An existing connection was forcibly closed by the remote host.
	
2021-07-04 13:23:35.909 GMT [868] РЎРћРћР‘Р©Р•РќРР•:  РЅРµ СѓРґР°Р»РѕСЃСЊ РїРѕР»СѓС‡РёС‚СЊ РґР°РЅРЅС‹Рµ РѕС‚ РєР»РёРµРЅС‚Р°: An existing connection was forcibly closed by the remote host.
	
2021-07-04 15:01:33.222 GMT [21972] ВАЖНО:  пользователь "anast" не прошёл проверку подлинности (по паролю)
2021-07-04 15:01:33.222 GMT [21972] ПОДРОБНОСТИ:  Роль "anast" не существует.
	Подключение соответствует строке 82 в pg_hba.conf: "host    all             all             ::1/128                 md5"
2021-07-04 15:01:42.312 GMT [18420] ВАЖНО:  пользователь "anast" не прошёл проверку подлинности (по паролю)
2021-07-04 15:01:42.312 GMT [18420] ПОДРОБНОСТИ:  Роль "anast" не существует.
	Подключение соответствует строке 82 в pg_hba.conf: "host    all             all             ::1/128                 md5"
2021-07-04 18:49:31.722 GMT [12860] РЎРћРћР‘Р©Р•РќРР•:  РЅРµ СѓРґР°Р»РѕСЃСЊ РїРѕР»СѓС‡РёС‚СЊ РґР°РЅРЅС‹Рµ РѕС‚ РєР»РёРµРЅС‚Р°: An existing connection was forcibly closed by the remote host.
	
2021-07-04 18:50:14.738 GMT [21180] РЎРћРћР‘Р©Р•РќРР•:  РЅРµ СѓРґР°Р»РѕСЃСЊ РїРѕР»СѓС‡РёС‚СЊ РґР°РЅРЅС‹Рµ РѕС‚ РєР»РёРµРЅС‚Р°: An existing connection was forcibly closed by the remote host.
	
2021-07-04 19:06:09.356 GMT [16928] РћРЁРР‘РљРђ:  СЃС‚РѕР»Р±РµС† p.UrlImage РЅРµ СЃСѓС‰РµСЃС‚РІСѓРµС‚ (СЃРёРјРІРѕР» 74)
2021-07-04 19:06:09.356 GMT [16928] РћРџР•Р РђРўРћР :  SELECT p."ID", p."Category", p."NameOfProduct", p."Price", p."Quantity", p."UrlImage"
	FROM "Products" AS p
	LIMIT $1 OFFSET $2
2021-07-04 19:06:31.570 GMT [16928] РЎРћРћР‘Р©Р•РќРР•:  РЅРµ СѓРґР°Р»РѕСЃСЊ РїРѕР»СѓС‡РёС‚СЊ РґР°РЅРЅС‹Рµ РѕС‚ РєР»РёРµРЅС‚Р°: An existing connection was forcibly closed by the remote host.
	
2021-07-04 19:08:39.284 GMT [25160] РЎРћРћР‘Р©Р•РќРР•:  РЅРµ СѓРґР°Р»РѕСЃСЊ РїРѕР»СѓС‡РёС‚СЊ РґР°РЅРЅС‹Рµ РѕС‚ РєР»РёРµРЅС‚Р°: An existing connection was forcibly closed by the remote host.
	
2021-07-04 19:09:28.104 GMT [16504] РЎРћРћР‘Р©Р•РќРР•:  РЅРµ СѓРґР°Р»РѕСЃСЊ РїРѕР»СѓС‡РёС‚СЊ РґР°РЅРЅС‹Рµ РѕС‚ РєР»РёРµРЅС‚Р°: An existing connection was forcibly closed by the remote host.
	
