2021-07-08 10:46:16.442 GMT [8048] СООБЩЕНИЕ:  система БД была выключена: 2021-07-08 10:46:12 GMT
2021-07-08 10:46:16.510 GMT [452] СООБЩЕНИЕ:  система БД готова принимать подключения
2021-07-08 15:35:06.379 GMT [17880] ВАЖНО:  пользователь "forEtkc" не прошёл проверку подлинности (по паролю)
2021-07-08 15:35:06.379 GMT [17880] ПОДРОБНОСТИ:  Роль "forEtkc" не существует.
	Подключение соответствует строке 80 в pg_hba.conf: "host    all             all             192.168.88.3/24         md5"
2021-07-08 15:37:32.982 GMT [2864] ВАЖНО:  пользователь "forEtkc" не прошёл проверку подлинности (по паролю)
2021-07-08 15:37:32.982 GMT [2864] ПОДРОБНОСТИ:  Роль "forEtkc" не существует.
	Подключение соответствует строке 80 в pg_hba.conf: "host    all             all             192.168.88.3/24         md5"
2021-07-08 15:39:45.277 GMT [6756] РћРЁРР‘РљРђ:  РЅРµС‚ РґРѕСЃС‚СѓРїР° Рє РѕС‚РЅРѕС€РµРЅРёСЋ Requests
2021-07-08 15:39:45.277 GMT [6756] РћРџР•Р РђРўРћР :  INSERT INTO "Requests" ("ApplicantName", "Email", "EventId", "IsConsentedForProcessingOfPD", "PersonCountInGroup", "PhoneNumber", "PlanVisitDate", "PlanVisitTime")
	VALUES ($1, $2, $3, $4, $5, $6, $7, $8)
	RETURNING "Id"
2021-07-08 17:39:55.441 GMT [6756] РЎРћРћР‘Р©Р•РќРР•:  РЅРµ СѓРґР°Р»РѕСЃСЊ РїРѕР»СѓС‡РёС‚СЊ РґР°РЅРЅС‹Рµ РѕС‚ РєР»РёРµРЅС‚Р°: An existing connection was forcibly closed by the remote host.
	
2021-07-09 06:28:17.327 GMT [14348] РћРЁРР‘РљРђ:  РЅРµС‚ РґРѕСЃС‚СѓРїР° Рє РѕС‚РЅРѕС€РµРЅРёСЋ Requests
2021-07-09 06:28:17.327 GMT [14348] РћРџР•Р РђРўРћР :  SELECT t.*
	FROM public."Requests" t
	LIMIT 501
2021-07-09 06:31:13.331 GMT [19284] РћРЁРР‘РљРђ:  РЅРµС‚ РґРѕСЃС‚СѓРїР° Рє РѕС‚РЅРѕС€РµРЅРёСЋ Requests
2021-07-09 06:31:13.331 GMT [19284] РћРџР•Р РђРўРћР :  INSERT INTO "Requests" ("ApplicantName", "Email", "EventId", "IsConsentedForProcessingOfPD", "PersonCountInGroup", "PhoneNumber", "PlanVisitDate", "PlanVisitTime")
	VALUES ($1, $2, $3, $4, $5, $6, $7, $8)
	RETURNING "Id"
2021-07-09 06:37:21.334 GMT [452] СООБЩЕНИЕ:  получен запрос на быстрое выключение
2021-07-09 06:37:21.413 GMT [452] СООБЩЕНИЕ:  прерывание всех активных транзакций
2021-07-09 06:37:21.416 GMT [12880] Р’РђР–РќРћ:  Р·Р°РєСЂС‹С‚РёРµ РїРѕРґРєР»СЋС‡РµРЅРёСЏ РїРѕ РєРѕРјР°РЅРґРµ Р°РґРјРёРЅРёСЃС‚СЂР°С‚РѕСЂР°
2021-07-09 06:37:21.416 GMT [1108] Р’РђР–РќРћ:  Р·Р°РєСЂС‹С‚РёРµ РїРѕРґРєР»СЋС‡РµРЅРёСЏ РїРѕ РєРѕРјР°РЅРґРµ Р°РґРјРёРЅРёСЃС‚СЂР°С‚РѕСЂР°
2021-07-09 06:37:21.419 GMT [16044] Р’РђР–РќРћ:  Р·Р°РєСЂС‹С‚РёРµ РїРѕРґРєР»СЋС‡РµРЅРёСЏ РїРѕ РєРѕРјР°РЅРґРµ Р°РґРјРёРЅРёСЃС‚СЂР°С‚РѕСЂР°
2021-07-09 06:37:21.420 GMT [17320] Р’РђР–РќРћ:  Р·Р°РєСЂС‹С‚РёРµ РїРѕРґРєР»СЋС‡РµРЅРёСЏ РїРѕ РєРѕРјР°РЅРґРµ Р°РґРјРёРЅРёСЃС‚СЂР°С‚РѕСЂР°
2021-07-09 06:37:21.536 GMT [452] СООБЩЕНИЕ:  рабочий процесс: logical replication launcher (PID 7332) завершился с кодом выхода 1
2021-07-09 06:37:21.551 GMT [10452] ВАЖНО:  система баз данных останавливается
2021-07-09 06:37:21.672 GMT [3044] СООБЩЕНИЕ:  выключение
2021-07-09 06:37:22.004 GMT [452] СООБЩЕНИЕ:  система БД выключена
