2021-07-11 15:36:12.548 GMT [7772] СООБЩЕНИЕ:  система БД была выключена: 2021-07-11 15:36:08 GMT
2021-07-11 15:36:12.557 GMT [3632] ВАЖНО:  система баз данных запускается
2021-07-11 15:36:12.622 GMT [8304] СООБЩЕНИЕ:  система БД готова принимать подключения
2021-07-11 15:36:12.672 GMT [15000] ВАЖНО:  система баз данных запускается
2021-07-11 16:12:25.013 GMT [6976] СООБЩЕНИЕ:  не удалось переименовать временный файл статистики из "pg_stat_tmp/global.tmp" в "pg_stat_tmp/global.stat": Permission denied
2021-07-11 16:12:29.667 GMT [3816] РЎРћРћР‘Р©Р•РќРР•:  РёСЃРїРѕР»СЊР·СѓРµС‚СЃСЏ РїСЂРѕСЃСЂРѕС‡РµРЅРЅР°СЏ СЃС‚Р°С‚РёСЃС‚РёРєР° РІРјРµСЃС‚Рѕ С‚РµРєСѓС‰РµР№, С‚Р°Рє РєР°Рє СЃР±РѕСЂС‰РёРє СЃС‚Р°С‚РёСЃС‚РёРєРё РЅРµ РѕС‚РІРµС‡Р°РµС‚
2021-07-11 16:12:29.667 GMT [3816] РћРџР•Р РђРўРћР :  /*pga4dash*/
	SELECT 'session_stats' AS chart_name, pg_catalog.row_to_json(t) AS chart_data
	FROM (SELECT
	   (SELECT count(*) FROM pg_catalog.pg_stat_activity WHERE datname = (SELECT datname FROM pg_catalog.pg_database WHERE oid = 32769)) AS "Total",
	   (SELECT count(*) FROM pg_catalog.pg_stat_activity WHERE state = 'active' AND datname = (SELECT datname FROM pg_catalog.pg_database WHERE oid = 32769))  AS "Active",
	   (SELECT count(*) FROM pg_catalog.pg_stat_activity WHERE state = 'idle' AND datname = (SELECT datname FROM pg_catalog.pg_database WHERE oid = 32769))  AS "Idle"
	) t
	UNION ALL
	SELECT 'tps_stats' AS chart_name, pg_catalog.row_to_json(t) AS chart_data
	FROM (SELECT
	   (SELECT sum(xact_commit) + sum(xact_rollback) FROM pg_catalog.pg_stat_database WHERE datname = (SELECT datname FROM pg_catalog.pg_database WHERE oid = 32769)) AS "Transactions",
	   (SELECT sum(xact_commit) FROM pg_catalog.pg_stat_database WHERE datname = (SELECT datname FROM pg_catalog.pg_database WHERE oid = 32769)) AS "Commits",
	   (SELECT sum(xact_rollback) FROM pg_catalog.pg_stat_database WHERE datname = (SELECT datname FROM pg_catalog.pg_database WHERE oid = 32769)) AS "Rollbacks"
	) t
	UNION ALL
	SELECT 'ti_stats' AS chart_name, pg_catalog.row_to_json(t) AS chart_data
	FROM (SELECT
	   (SELECT sum(tup_inserted) FROM pg_catalog.pg_stat_database WHERE datname = (SELECT datname FROM pg_catalog.pg_database WHERE oid = 32769)) AS "Inserts",
	   (SELECT sum(tup_updated) FROM pg_catalog.pg_stat_database WHERE datname = (SELECT datname FROM pg_catalog.pg_database WHERE oid = 32769)) AS "Updates",
	   (SELECT sum(tup_deleted) FROM pg_catalog.pg_stat_database WHERE datname = (SELECT datname FROM pg_catalog.pg_database WHERE oid = 32769)) AS "Deletes"
	) t
	UNION ALL
	SELECT 'to_stats' AS chart_name, pg_catalog.row_to_json(t) AS chart_data
	FROM (SELECT
	   (SELECT sum(tup_fetched) FROM pg_catalog.pg_stat_database WHERE datname = (SELECT datname FROM pg_catalog.pg_database WHERE oid = 32769)) AS "Fetched",
	   (SELECT sum(tup_returned) FROM pg_catalog.pg_stat_database WHERE datname = (SELECT datname FROM pg_catalog.pg_database WHERE oid = 32769)) AS "Returned"
	) t
	UNION ALL
	SELECT 'bio_stats' AS chart_name, pg_catalog.row_to_json(t) AS chart_data
	FROM (SELECT
	   (SELECT sum(blks_read) FROM pg_catalog.pg_stat_database WHERE datname = (SELECT datname FROM pg_catalog.pg_database WHERE oid = 32769)) AS "Reads",
	   (SELECT sum(blks_hit) FROM pg_catalog.pg_stat_database WHERE datname = (SELECT datname FROM pg_catalog.pg_database WHERE oid = 32769)) AS "Hits"
	) t
	
2021-07-12 06:21:27.042 GMT [8476] РћРЁРР‘РљРђ:  РѕС€РёР±РєР° СЃРёРЅС‚Р°РєСЃРёСЃР° (РїСЂРёРјРµСЂРЅРѕРµ РїРѕР»РѕР¶РµРЅРёРµ: "callcenter") (СЃРёРјРІРѕР» 33)
2021-07-12 06:21:27.042 GMT [8476] РћРџР•Р РђРўРћР :  CREATE ROLE callcenter PASSWORD callcenter;
2021-07-12 06:30:32.689 GMT [2656] РћРЁРР‘РљРђ:  РѕС€РёР±РєР° СЃРёРЅС‚Р°РєСЃРёСЃР° (РїСЂРёРјРµСЂРЅРѕРµ РїРѕР»РѕР¶РµРЅРёРµ: "GRAND") (СЃРёРјРІРѕР» 1)
2021-07-12 06:30:32.689 GMT [2656] РћРџР•Р РђРўРћР :  GRAND USAGE ON SCHEMA public TO callcenter;
2021-07-12 06:32:25.345 GMT [2656] РћРЁРР‘РљРђ:  РѕС€РёР±РєР° СЃРёРЅС‚Р°РєСЃРёСЃР° (РїСЂРёРјРµСЂРЅРѕРµ РїРѕР»РѕР¶РµРЅРёРµ: "IN") (СЃРёРјРІРѕР» 26)
2021-07-12 06:32:25.345 GMT [2656] РћРџР•Р РђРўРћР :  GRANT SELECT ON requests IN SCHEMA public TO callcenter;
2021-07-12 06:36:22.968 GMT [2568] ВАЖНО:  для роли "callcenter" вход запрещён
2021-07-12 06:37:04.425 GMT [12876] ВАЖНО:  для роли "callcenter" вход запрещён
2021-07-12 06:38:42.564 GMT [9632] ВАЖНО:  для роли "callcenter" вход запрещён
2021-07-12 06:39:37.706 GMT [6384] ВАЖНО:  для роли "callcenter" вход запрещён
2021-07-12 06:41:44.504 GMT [2656] РћРЁРР‘РљРђ:  СЂРѕР»СЊ "callcenter" РЅРµР»СЊР·СЏ СѓРґР°Р»РёС‚СЊ, С‚Р°Рє РєР°Рє РµСЃС‚СЊ Р·Р°РІРёСЃСЏС‰РёРµ РѕС‚ РЅРµС‘ РѕР±СЉРµРєС‚С‹
2021-07-12 06:41:44.504 GMT [2656] РџРћР”Р РћР‘РќРћРЎРўР:  РїСЂР°РІР° РґРѕСЃС‚СѓРїР° Рє РѕР±СЉРµРєС‚Сѓ С‚Р°Р±Р»РёС†Р° requests
	РїСЂР°РІР° РґРѕСЃС‚СѓРїР° Рє РѕР±СЉРµРєС‚Сѓ СЃС…РµРјР° public
	РїСЂР°РІР° РґРѕСЃС‚СѓРїР° Рє РѕР±СЉРµРєС‚Сѓ Р±Р°Р·Р° РґР°РЅРЅС‹С… db604
2021-07-12 06:41:44.504 GMT [2656] РћРџР•Р РђРўРћР :  DROP ROLE callcenter;
2021-07-12 06:45:55.930 GMT [2656] РћРЁРР‘РљРђ:  РѕС€РёР±РєР° СЃРёРЅС‚Р°РєСЃРёСЃР° (РїСЂРёРјРµСЂРЅРѕРµ РїРѕР»РѕР¶РµРЅРёРµ: "clear") (СЃРёРјРІРѕР» 1)
2021-07-12 06:45:55.930 GMT [2656] РћРџР•Р РђРўРћР :  clear
	ALTER ROLE "callcenter" WITH LOGIN;
2021-07-12 06:52:10.093 GMT [16556] РћРЁРР‘РљРђ:  РЅРµС‚ РґРѕСЃС‚СѓРїР° Рє РѕС‚РЅРѕС€РµРЅРёСЋ requests
2021-07-12 06:52:10.093 GMT [16556] РћРџР•Р РђРўРћР :  TRUNCATE TABLE public.requests;
2021-07-12 12:53:53.943 GMT [16556] РЎРћРћР‘Р©Р•РќРР•:  РЅРµ СѓРґР°Р»РѕСЃСЊ РїРѕР»СѓС‡РёС‚СЊ РґР°РЅРЅС‹Рµ РѕС‚ РєР»РёРµРЅС‚Р°: An existing connection was forcibly closed by the remote host.
	
2021-07-12 12:53:53.946 GMT [13104] РЎРћРћР‘Р©Р•РќРР•:  РЅРµ СѓРґР°Р»РѕСЃСЊ РїРѕР»СѓС‡РёС‚СЊ РґР°РЅРЅС‹Рµ РѕС‚ РєР»РёРµРЅС‚Р°: An existing connection was forcibly closed by the remote host.
	
2021-07-12 12:53:53.947 GMT [11448] РЎРћРћР‘Р©Р•РќРР•:  РЅРµ СѓРґР°Р»РѕСЃСЊ РїРѕР»СѓС‡РёС‚СЊ РґР°РЅРЅС‹Рµ РѕС‚ РєР»РёРµРЅС‚Р°: An existing connection was forcibly closed by the remote host.
	
2021-07-12 12:53:54.011 GMT [13552] РЎРћРћР‘Р©Р•РќРР•:  РЅРµ СѓРґР°Р»РѕСЃСЊ РїРѕР»СѓС‡РёС‚СЊ РґР°РЅРЅС‹Рµ РѕС‚ РєР»РёРµРЅС‚Р°: An existing connection was forcibly closed by the remote host.
	
2021-07-12 12:53:57.020 GMT [17324] РЎРћРћР‘Р©Р•РќРР•:  РЅРµ СѓРґР°Р»РѕСЃСЊ РїРѕР»СѓС‡РёС‚СЊ РґР°РЅРЅС‹Рµ РѕС‚ РєР»РёРµРЅС‚Р°: An existing connection was forcibly closed by the remote host.
	
2021-07-12 12:53:57.020 GMT [7380] РЎРћРћР‘Р©Р•РќРР•:  РЅРµ СѓРґР°Р»РѕСЃСЊ РїРѕР»СѓС‡РёС‚СЊ РґР°РЅРЅС‹Рµ РѕС‚ РєР»РёРµРЅС‚Р°: An existing connection was forcibly closed by the remote host.
	
