2021-07-08 09:43:15.127 GMT [15936] СООБЩЕНИЕ:  система БД была выключена: 2021-07-08 09:42:52 GMT
2021-07-08 09:43:15.206 GMT [2504] СООБЩЕНИЕ:  система БД готова принимать подключения
2021-07-08 09:43:24.672 GMT [11420] ВАЖНО:  пользователь "anast" не прошёл проверку подлинности (по паролю)
2021-07-08 09:43:24.672 GMT [11420] ПОДРОБНОСТИ:  Роль "anast" не существует.
	Подключение соответствует строке 82 в pg_hba.conf: "host    all             all             ::1/128                 md5"
2021-07-08 09:43:31.827 GMT [448] ВАЖНО:  пользователь "anast" не прошёл проверку подлинности (по паролю)
2021-07-08 09:43:31.827 GMT [448] ПОДРОБНОСТИ:  Роль "anast" не существует.
	Подключение соответствует строке 82 в pg_hba.conf: "host    all             all             ::1/128                 md5"
2021-07-08 09:44:28.789 GMT [15244] ВАЖНО:  пользователь "anast" не прошёл проверку подлинности (по паролю)
2021-07-08 09:44:28.789 GMT [15244] ПОДРОБНОСТИ:  Роль "anast" не существует.
	Подключение соответствует строке 82 в pg_hba.conf: "host    all             all             ::1/128                 md5"
2021-07-08 09:44:31.652 GMT [12152] ВАЖНО:  пользователь "anast" не прошёл проверку подлинности (по паролю)
2021-07-08 09:44:31.652 GMT [12152] ПОДРОБНОСТИ:  Роль "anast" не существует.
	Подключение соответствует строке 82 в pg_hba.conf: "host    all             all             ::1/128                 md5"
2021-07-08 09:45:48.291 GMT [3764] ВАЖНО:  пользователь "anast" не прошёл проверку подлинности (по паролю)
2021-07-08 09:45:48.291 GMT [3764] ПОДРОБНОСТИ:  Роль "anast" не существует.
	Подключение соответствует строке 82 в pg_hba.conf: "host    all             all             ::1/128                 md5"
2021-07-08 09:45:50.613 GMT [8812] ВАЖНО:  пользователь "anast" не прошёл проверку подлинности (по паролю)
2021-07-08 09:45:50.613 GMT [8812] ПОДРОБНОСТИ:  Роль "anast" не существует.
	Подключение соответствует строке 82 в pg_hba.conf: "host    all             all             ::1/128                 md5"
2021-07-08 09:53:47.606 GMT [720] РћРЁРР‘РљРђ:  РѕС€РёР±РєР° СЃРёРЅС‚Р°РєСЃРёСЃР° (РїСЂРёРјРµСЂРЅРѕРµ РїРѕР»РѕР¶РµРЅРёРµ: "PRIVILAGES") (СЃРёРјРІРѕР» 12)
2021-07-08 09:53:47.606 GMT [720] РћРџР•Р РђРўРћР :  REVOKE ALL PRIVILAGES ON DATABASE db604 FROM PUBLIC;
2021-07-08 10:03:08.930 GMT [720] РћРЁРР‘РљРђ:  РѕС€РёР±РєР° СЃРёРЅС‚Р°РєСЃРёСЃР° (РїСЂРёРјРµСЂРЅРѕРµ РїРѕР»РѕР¶РµРЅРёРµ: "for") (СЃРёРјРІРѕР» 33)
2021-07-08 10:03:08.930 GMT [720] РћРџР•Р РђРўРћР :  GRANT USAGE ON SCHEMA public TO for Etkc;
2021-07-08 10:46:12.098 GMT [2504] СООБЩЕНИЕ:  получен запрос на быстрое выключение
2021-07-08 10:46:12.161 GMT [2504] СООБЩЕНИЕ:  прерывание всех активных транзакций
2021-07-08 10:46:12.165 GMT [14020] Р’РђР–РќРћ:  Р·Р°РєСЂС‹С‚РёРµ РїРѕРґРєР»СЋС‡РµРЅРёСЏ РїРѕ РєРѕРјР°РЅРґРµ Р°РґРјРёРЅРёСЃС‚СЂР°С‚РѕСЂР°
2021-07-08 10:46:12.181 GMT [2504] СООБЩЕНИЕ:  рабочий процесс: logical replication launcher (PID 1560) завершился с кодом выхода 1
2021-07-08 10:46:12.202 GMT [12164] СООБЩЕНИЕ:  выключение
2021-07-08 10:46:12.381 GMT [2504] СООБЩЕНИЕ:  система БД выключена
