2021-07-08 09:23:41.861 GMT [3384] СООБЩЕНИЕ:  система БД была выключена: 2021-07-08 09:23:38 GMT
2021-07-08 09:23:41.938 GMT [6524] СООБЩЕНИЕ:  система БД готова принимать подключения
2021-07-08 09:23:44.367 GMT [10704] ВАЖНО:  пользователь "anast" не прошёл проверку подлинности (по паролю)
2021-07-08 09:23:44.367 GMT [10704] ПОДРОБНОСТИ:  Роль "anast" не существует.
	Подключение соответствует строке 82 в pg_hba.conf: "host    all             all             ::1/128                 md5"
2021-07-08 09:23:52.458 GMT [12028] ВАЖНО:  пользователь "anast" не прошёл проверку подлинности (по паролю)
2021-07-08 09:23:52.458 GMT [12028] ПОДРОБНОСТИ:  Роль "anast" не существует.
	Подключение соответствует строке 82 в pg_hba.conf: "host    all             all             ::1/128                 md5"
2021-07-08 09:24:10.407 GMT [3580] ВАЖНО:  пользователь "-U" не прошёл проверку подлинности (по паролю)
2021-07-08 09:24:10.407 GMT [3580] ПОДРОБНОСТИ:  Роль "-U" не существует.
	Подключение соответствует строке 82 в pg_hba.conf: "host    all             all             ::1/128                 md5"
2021-07-08 09:24:16.146 GMT [15832] ВАЖНО:  пользователь "-U" не прошёл проверку подлинности (по паролю)
2021-07-08 09:24:16.146 GMT [15832] ПОДРОБНОСТИ:  Роль "-U" не существует.
	Подключение соответствует строке 82 в pg_hba.conf: "host    all             all             ::1/128                 md5"
2021-07-08 09:24:27.816 GMT [2064] ВАЖНО:  база данных "\du" не существует
2021-07-08 09:27:39.773 GMT [6524] СООБЩЕНИЕ:  получен запрос на быстрое выключение
2021-07-08 09:27:39.777 GMT [7544] ОШИБКА:  выполнение оператора отменено по запросу пользователя
2021-07-08 09:27:40.150 GMT [6524] СООБЩЕНИЕ:  прерывание всех активных транзакций
2021-07-08 09:27:40.151 GMT [6524] СООБЩЕНИЕ:  рабочий процесс: logical replication launcher (PID 7544) завершился с кодом выхода 1
2021-07-08 09:27:40.169 GMT [12732] СООБЩЕНИЕ:  выключение
2021-07-08 09:27:40.428 GMT [6524] СООБЩЕНИЕ:  система БД выключена
