2021-06-28 16:02:10.050 GMT [13536] СООБЩЕНИЕ:  система БД была выключена: 2021-06-28 16:01:46 GMT
2021-06-28 16:02:10.126 GMT [3992] СООБЩЕНИЕ:  система БД готова принимать подключения
2021-06-28 16:09:46.397 GMT [3640] ВАЖНО:  пользователь "anast" не прошёл проверку подлинности (по паролю)
2021-06-28 16:09:46.397 GMT [3640] ПОДРОБНОСТИ:  Роль "anast" не существует.
	Подключение соответствует строке 82 в pg_hba.conf: "host    all             all             ::1/128                 md5"
2021-06-28 16:09:56.330 GMT [7568] ВАЖНО:  пользователь "anast" не прошёл проверку подлинности (по паролю)
2021-06-28 16:09:56.330 GMT [7568] ПОДРОБНОСТИ:  Роль "anast" не существует.
	Подключение соответствует строке 82 в pg_hba.conf: "host    all             all             ::1/128                 md5"
2021-06-28 16:10:21.141 GMT [12036] ВАЖНО:  пользователь "postgre" не прошёл проверку подлинности (по паролю)
2021-06-28 16:10:21.141 GMT [12036] ПОДРОБНОСТИ:  Роль "postgre" не существует.
	Подключение соответствует строке 82 в pg_hba.conf: "host    all             all             ::1/128                 md5"
2021-06-28 16:10:25.151 GMT [13284] ВАЖНО:  пользователь "postgre" не прошёл проверку подлинности (по паролю)
2021-06-28 16:10:25.151 GMT [13284] ПОДРОБНОСТИ:  Роль "postgre" не существует.
	Подключение соответствует строке 82 в pg_hba.conf: "host    all             all             ::1/128                 md5"
2021-06-28 16:11:07.535 GMT [16732] ВАЖНО:  пользователь "anast" не прошёл проверку подлинности (по паролю)
2021-06-28 16:11:07.535 GMT [16732] ПОДРОБНОСТИ:  Роль "anast" не существует.
	Подключение соответствует строке 82 в pg_hba.conf: "host    all             all             ::1/128                 md5"
2021-06-28 16:11:14.986 GMT [17720] ВАЖНО:  пользователь "anast" не прошёл проверку подлинности (по паролю)
2021-06-28 16:11:14.986 GMT [17720] ПОДРОБНОСТИ:  Роль "anast" не существует.
	Подключение соответствует строке 82 в pg_hba.conf: "host    all             all             ::1/128                 md5"
2021-06-28 16:11:27.439 GMT [18268] ВАЖНО:  база данных "stop" не существует
2021-06-28 16:14:53.431 GMT [20804] ВАЖНО:  пользователь "anast" не прошёл проверку подлинности (по паролю)
2021-06-28 16:14:53.431 GMT [20804] ПОДРОБНОСТИ:  Роль "anast" не существует.
	Подключение соответствует строке 82 в pg_hba.conf: "host    all             all             ::1/128                 md5"
2021-06-28 16:14:59.192 GMT [2808] ВАЖНО:  пользователь "anast" не прошёл проверку подлинности (по паролю)
2021-06-28 16:14:59.192 GMT [2808] ПОДРОБНОСТИ:  Роль "anast" не существует.
	Подключение соответствует строке 82 в pg_hba.conf: "host    all             all             ::1/128                 md5"
2021-06-28 16:22:10.910 GMT [3992] СООБЩЕНИЕ:  не удалось открыть файл "postmaster.pid": No such file or directory
2021-06-28 16:22:10.910 GMT [3992] СООБЩЕНИЕ:  немедленное отключение из-за ошибочного файла блокировки каталога данных
2021-06-28 16:22:10.911 GMT [3992] СООБЩЕНИЕ:  получен запрос на немедленное выключение
2021-06-28 16:22:10.911 GMT [3992] СООБЩЕНИЕ:  не удалось открыть файл "postmaster.pid": No such file or directory
2021-06-28 16:22:10.963 GMT [4992] ПРЕДУПРЕЖДЕНИЕ:  закрытие подключения из-за краха другого серверного процесса
2021-06-28 16:22:10.963 GMT [4992] ПОДРОБНОСТИ:  Управляющий процесс отдал команду этому серверному процессу откатить текущую транзакцию и завершиться, так как другой серверный процесс завершился аварийно и возможно разрушил разделяемую память.
2021-06-28 16:22:10.963 GMT [4992] ПОДСКАЗКА:  Вы сможете переподключиться к базе данных и повторить вашу команду сию минуту.
2021-06-28 16:22:10.988 GMT [14516] ПРЕДУПРЕЖДЕНИЕ:  закрытие подключения из-за краха другого серверного процесса
2021-06-28 16:22:10.988 GMT [14516] ПОДРОБНОСТИ:  Управляющий процесс отдал команду этому серверному процессу откатить текущую транзакцию и завершиться, так как другой серверный процесс завершился аварийно и возможно разрушил разделяемую память.
2021-06-28 16:22:10.988 GMT [14516] ПОДСКАЗКА:  Вы сможете переподключиться к базе данных и повторить вашу команду сию минуту.
2021-06-28 16:22:11.011 GMT [3992] СООБЩЕНИЕ:  система БД выключена
